[2023-03-05 14:00:27] Production.ERROR: Trying to get property 'first_name' of non-object {"userId":1,"exception":"[object] (ErrorException(code: 0): Trying to get property 'first_name' of non-object at C:\\HostingSpaces\\aaledmondsonpark\\edmondsonpark.airleague.com.au\\squadronadmin\\app\\Http\\Controllers\\TermFeesController.php:156)
[stacktrace]
#0 C:\\HostingSpaces\\aaledmondsonpark\\edmondsonpark.airleague.com.au\\squadronadmin\\app\\Http\\Controllers\\TermFeesController.php(156): Illuminate\\Foundation\\Bootstrap\\HandleExceptions->handleError()
#1 C:\\HostingSpaces\\aaledmondsonpark\\edmondsonpark.airleague.com.au\\squadronadmin\\vendor\\yajra\\laravel-datatables-oracle\\src\\Utilities\\Helper.php(65): App\\Http\\Controllers\\TermFeesController->App\\Http\\Controllers\\{closure}()
#2 C:\\HostingSpaces\\aaledmondsonpark\\edmondsonpark.airleague.com.au\\squadronadmin\\vendor\\yajra\\laravel-datatables-oracle\\src\\Processors\\DataProcessor.php(137): Yajra\\DataTables\\Utilities\\Helper::compileContent()
#3 C:\\HostingSpaces\\aaledmondsonpark\\edmondsonpark.airleague.com.au\\squadronadmin\\vendor\\yajra\\laravel-datatables-oracle\\src\\Processors\\DataProcessor.php(106): Yajra\\DataTables\\Processors\\DataProcessor->addColumns()
#4 C:\\HostingSpaces\\aaledmondsonpark\\edmondsonpark.airleague.com.au\\squadronadmin\\vendor\\yajra\\laravel-datatables-oracle\\src\\DataTableAbstract.php(807): Yajra\\DataTables\\Processors\\DataProcessor->process()
#5 C:\\HostingSpaces\\aaledmondsonpark\\edmondsonpark.airleague.com.au\\squadronadmin\\vendor\\yajra\\laravel-datatables-oracle\\src\\CollectionDataTable.php(164): Yajra\\DataTables\\DataTableAbstract->processResults()
#6 C:\\HostingSpaces\\aaledmondsonpark\\edmondsonpark.airleague.com.au\\squadronadmin\\app\\Http\\Controllers\\TermFeesController.php(179): Yajra\\DataTables\\CollectionDataTable->make()
#7 C:\\HostingSpaces\\aaledmondsonpark\\edmondsonpark.airleague.com.au\\squadronadmin\\vendor\\laravel\\framework\\src\\Illuminate\\Routing\\Controller.php(54): App\\Http\\Controllers\\TermFeesController->getTermFees()
#8 C:\\HostingSpaces\\aaledmondsonpark\\edmondsonpark.airleague.com.au\\squadronadmin\\vendor\\laravel\\framework\\src\\Illuminate\\Routing\\ControllerDispatcher.php(45): Illuminate\\Routing\\Controller->callAction()
#9 C:\\HostingSpaces\\aaledmondsonpark\\edmondsonpark.airleague.com.au\\squadronadmin\\vendor\\laravel\\framework\\src\\Illuminate\\Routing\\Route.php(239): Illuminate\\Routing\\ControllerDispatcher->dispatch()
#10 C:\\HostingSpaces\\aaledmondsonpark\\edmondsonpark.airleague.com.au\\squadronadmin\\vendor\\laravel\\framework\\src\\Illuminate\\Routing\\Route.php(196): Illuminate\\Routing\\Route->runController()
#11 C:\\HostingSpaces\\aaledmondsonpark\\edmondsonpark.airleague.com.au\\squadronadmin\\vendor\\laravel\\framework\\src\\Illuminate\\Routing\\Router.php(685): Illuminate\\Routing\\Route->run()
#12 C:\\HostingSpaces\\aaledmondsonpark\\edmondsonpark.airleague.com.au\\squadronadmin\\vendor\\laravel\\framework\\src\\Illuminate\\Pipeline\\Pipeline.php(128): Illuminate\\Routing\\Router->Illuminate\\Routing\\{closure}()
#13 C:\\HostingSpaces\\aaledmondsonpark\\edmondsonpark.airleague.com.au\\squadronadmin\\vendor\\laravel\\framework\\src\\Illuminate\\Routing\\Middleware\\SubstituteBindings.php(41): Illuminate\\Pipeline\\Pipeline->Illuminate\\Pipeline\\{closure}()
#14 C:\\HostingSpaces\\aaledmondsonpark\\edmondsonpark.airleague.com.au\\squadronadmin\\vendor\\laravel\\framework\\src\\Illuminate\\Pipeline\\Pipeline.php(167): Illuminate\\Routing\\Middleware\\SubstituteBindings->handle()
#15 C:\\HostingSpaces\\aaledmondsonpark\\edmondsonpark.airleague.com.au\\squadronadmin\\vendor\\laravel\\framework\\src\\Illuminate\\Foundation\\Http\\Middleware\\VerifyCsrfToken.php(78): Illuminate\\Pipeline\\Pipeline->Illuminate\\Pipeline\\{closure}()
#16 C:\\HostingSpaces\\aaledmondsonpark\\edmondsonpark.airleague.com.au\\squadronadmin\\vendor\\laravel\\framework\\src\\Illuminate\\Pipeline\\Pipeline.php(167): Illuminate\\Foundation\\Http\\Middleware\\VerifyCsrfToken->handle()
#17 C:\\HostingSpaces\\aaledmondsonpark\\edmondsonpark.airleague.com.au\\squadronadmin\\vendor\\laravel\\framework\\src\\Illuminate\\View\\Middleware\\ShareErrorsFromSession.php(49): Illuminate\\Pipeline\\Pipeline->Illuminate\\Pipeline\\{closure}()
#18 C:\\HostingSpaces\\aaledmondsonpark\\edmondsonpark.airleague.com.au\\squadronadmin\\vendor\\laravel\\framework\\src\\Illuminate\\Pipeline\\Pipeline.php(167): Illuminate\\View\\Middleware\\ShareErrorsFromSession->handle()
#19 C:\\HostingSpaces\\aaledmondsonpark\\edmondsonpark.airleague.com.au\\squadronadmin\\vendor\\laravel\\framework\\src\\Illuminate\\Session\\Middleware\\StartSession.php(116): Illuminate\\Pipeline\\Pipeline->Illuminate\\Pipeline\\{closure}()
#20 C:\\HostingSpaces\\aaledmondsonpark\\edmondsonpark.airleague.com.au\\squadronadmin\\vendor\\laravel\\framework\\src\\Illuminate\\Session\\Middleware\\StartSession.php(62): Illuminate\\Session\\Middleware\\StartSession->handleStatefulRequest()
#21 C:\\HostingSpaces\\aaledmondsonpark\\edmondsonpark.airleague.com.au\\squadronadmin\\vendor\\laravel\\framework\\src\\Illuminate\\Pipeline\\Pipeline.php(167): Illuminate\\Session\\Middleware\\StartSession->handle()
#22 C:\\HostingSpaces\\aaledmondsonpark\\edmondsonpark.airleague.com.au\\squadronadmin\\vendor\\laravel\\framework\\src\\Illuminate\\Cookie\\Middleware\\AddQueuedCookiesToResponse.php(37): Illuminate\\Pipeline\\Pipeline->Illuminate\\Pipeline\\{closure}()
#23 C:\\HostingSpaces\\aaledmondsonpark\\edmondsonpark.airleague.com.au\\squadronadmin\\vendor\\laravel\\framework\\src\\Illuminate\\Pipeline\\Pipeline.php(167): Illuminate\\Cookie\\Middleware\\AddQueuedCookiesToResponse->handle()
#24 C:\\HostingSpaces\\aaledmondsonpark\\edmondsonpark.airleague.com.au\\squadronadmin\\vendor\\laravel\\framework\\src\\Illuminate\\Cookie\\Middleware\\EncryptCookies.php(67): Illuminate\\Pipeline\\Pipeline->Illuminate\\Pipeline\\{closure}()
#25 C:\\HostingSpaces\\aaledmondsonpark\\edmondsonpark.airleague.com.au\\squadronadmin\\vendor\\laravel\\framework\\src\\Illuminate\\Pipeline\\Pipeline.php(167): Illuminate\\Cookie\\Middleware\\EncryptCookies->handle()
#26 C:\\HostingSpaces\\aaledmondsonpark\\edmondsonpark.airleague.com.au\\squadronadmin\\vendor\\laravel\\framework\\src\\Illuminate\\Pipeline\\Pipeline.php(103): Illuminate\\Pipeline\\Pipeline->Illuminate\\Pipeline\\{closure}()
#27 C:\\HostingSpaces\\aaledmondsonpark\\edmondsonpark.airleague.com.au\\squadronadmin\\vendor\\laravel\\framework\\src\\Illuminate\\Routing\\Router.php(687): Illuminate\\Pipeline\\Pipeline->then()
#28 C:\\HostingSpaces\\aaledmondsonpark\\edmondsonpark.airleague.com.au\\squadronadmin\\vendor\\laravel\\framework\\src\\Illuminate\\Routing\\Router.php(662): Illuminate\\Routing\\Router->runRouteWithinStack()
#29 C:\\HostingSpaces\\aaledmondsonpark\\edmondsonpark.airleague.com.au\\squadronadmin\\vendor\\laravel\\framework\\src\\Illuminate\\Routing\\Router.php(628): Illuminate\\Routing\\Router->runRoute()
#30 C:\\HostingSpaces\\aaledmondsonpark\\edmondsonpark.airleague.com.au\\squadronadmin\\vendor\\laravel\\framework\\src\\Illuminate\\Routing\\Router.php(617): Illuminate\\Routing\\Router->dispatchToRoute()
#31 C:\\HostingSpaces\\aaledmondsonpark\\edmondsonpark.airleague.com.au\\squadronadmin\\vendor\\laravel\\framework\\src\\Illuminate\\Foundation\\Http\\Kernel.php(165): Illuminate\\Routing\\Router->dispatch()
#32 C:\\HostingSpaces\\aaledmondsonpark\\edmondsonpark.airleague.com.au\\squadronadmin\\vendor\\laravel\\framework\\src\\Illuminate\\Pipeline\\Pipeline.php(128): Illuminate\\Foundation\\Http\\Kernel->Illuminate\\Foundation\\Http\\{closure}()
#33 C:\\HostingSpaces\\aaledmondsonpark\\edmondsonpark.airleague.com.au\\squadronadmin\\vendor\\fideloper\\proxy\\src\\TrustProxies.php(57): Illuminate\\Pipeline\\Pipeline->Illuminate\\Pipeline\\{closure}()
#34 C:\\HostingSpaces\\aaledmondsonpark\\edmondsonpark.airleague.com.au\\squadronadmin\\vendor\\laravel\\framework\\src\\Illuminate\\Pipeline\\Pipeline.php(167): Fideloper\\Proxy\\TrustProxies->handle()
#35 C:\\HostingSpaces\\aaledmondsonpark\\edmondsonpark.airleague.com.au\\squadronadmin\\vendor\\laravel\\framework\\src\\Illuminate\\Foundation\\Http\\Middleware\\TransformsRequest.php(21): Illuminate\\Pipeline\\Pipeline->Illuminate\\Pipeline\\{closure}()
#36 C:\\HostingSpaces\\aaledmondsonpark\\edmondsonpark.airleague.com.au\\squadronadmin\\vendor\\laravel\\framework\\src\\Illuminate\\Pipeline\\Pipeline.php(167): Illuminate\\Foundation\\Http\\Middleware\\TransformsRequest->handle()
#37 C:\\HostingSpaces\\aaledmondsonpark\\edmondsonpark.airleague.com.au\\squadronadmin\\vendor\\laravel\\framework\\src\\Illuminate\\Foundation\\Http\\Middleware\\TransformsRequest.php(21): Illuminate\\Pipeline\\Pipeline->Illuminate\\Pipeline\\{closure}()
#38 C:\\HostingSpaces\\aaledmondsonpark\\edmondsonpark.airleague.com.au\\squadronadmin\\vendor\\laravel\\framework\\src\\Illuminate\\Pipeline\\Pipeline.php(167): Illuminate\\Foundation\\Http\\Middleware\\TransformsRequest->handle()
#39 C:\\HostingSpaces\\aaledmondsonpark\\edmondsonpark.airleague.com.au\\squadronadmin\\vendor\\laravel\\framework\\src\\Illuminate\\Foundation\\Http\\Middleware\\ValidatePostSize.php(27): Illuminate\\Pipeline\\Pipeline->Illuminate\\Pipeline\\{closure}()
#40 C:\\HostingSpaces\\aaledmondsonpark\\edmondsonpark.airleague.com.au\\squadronadmin\\vendor\\laravel\\framework\\src\\Illuminate\\Pipeline\\Pipeline.php(167): Illuminate\\Foundation\\Http\\Middleware\\ValidatePostSize->handle()
#41 C:\\HostingSpaces\\aaledmondsonpark\\edmondsonpark.airleague.com.au\\squadronadmin\\vendor\\laravel\\framework\\src\\Illuminate\\Foundation\\Http\\Middleware\\CheckForMaintenanceMode.php(63): Illuminate\\Pipeline\\Pipeline->Illuminate\\Pipeline\\{closure}()
#42 C:\\HostingSpaces\\aaledmondsonpark\\edmondsonpark.airleague.com.au\\squadronadmin\\vendor\\laravel\\framework\\src\\Illuminate\\Pipeline\\Pipeline.php(167): Illuminate\\Foundation\\Http\\Middleware\\CheckForMaintenanceMode->handle()
#43 C:\\HostingSpaces\\aaledmondsonpark\\edmondsonpark.airleague.com.au\\squadronadmin\\vendor\\laravel\\framework\\src\\Illuminate\\Pipeline\\Pipeline.php(103): Illuminate\\Pipeline\\Pipeline->Illuminate\\Pipeline\\{closure}()
#44 C:\\HostingSpaces\\aaledmondsonpark\\edmondsonpark.airleague.com.au\\squadronadmin\\vendor\\laravel\\framework\\src\\Illuminate\\Foundation\\Http\\Kernel.php(140): Illuminate\\Pipeline\\Pipeline->then()
#45 C:\\HostingSpaces\\aaledmondsonpark\\edmondsonpark.airleague.com.au\\squadronadmin\\vendor\\laravel\\framework\\src\\Illuminate\\Foundation\\Http\\Kernel.php(109): Illuminate\\Foundation\\Http\\Kernel->sendRequestThroughRouter()
#46 C:\\HostingSpaces\\aaledmondsonpark\\edmondsonpark.airleague.com.au\\squadronadmin\\public\\index.php(55): Illuminate\\Foundation\\Http\\Kernel->handle()
#47 {main}
"} 
[2023-03-05 14:01:18] Production.ERROR: Trying to get property 'last_name' of non-object {"userId":1,"exception":"[object] (ErrorException(code: 0): Trying to get property 'last_name' of non-object at C:\\HostingSpaces\\aaledmondsonpark\\edmondsonpark.airleague.com.au\\squadronadmin\\app\\Http\\Controllers\\TermFeesController.php:159)
[stacktrace]
#0 C:\\HostingSpaces\\aaledmondsonpark\\edmondsonpark.airleague.com.au\\squadronadmin\\app\\Http\\Controllers\\TermFeesController.php(159): Illuminate\\Foundation\\Bootstrap\\HandleExceptions->handleError()
#1 C:\\HostingSpaces\\aaledmondsonpark\\edmondsonpark.airleague.com.au\\squadronadmin\\vendor\\yajra\\laravel-datatables-oracle\\src\\Utilities\\Helper.php(65): App\\Http\\Controllers\\TermFeesController->App\\Http\\Controllers\\{closure}()
#2 C:\\HostingSpaces\\aaledmondsonpark\\edmondsonpark.airleague.com.au\\squadronadmin\\vendor\\yajra\\laravel-datatables-oracle\\src\\Processors\\DataProcessor.php(137): Yajra\\DataTables\\Utilities\\Helper::compileContent()
#3 C:\\HostingSpaces\\aaledmondsonpark\\edmondsonpark.airleague.com.au\\squadronadmin\\vendor\\yajra\\laravel-datatables-oracle\\src\\Processors\\DataProcessor.php(106): Yajra\\DataTables\\Processors\\DataProcessor->addColumns()
#4 C:\\HostingSpaces\\aaledmondsonpark\\edmondsonpark.airleague.com.au\\squadronadmin\\vendor\\yajra\\laravel-datatables-oracle\\src\\DataTableAbstract.php(807): Yajra\\DataTables\\Processors\\DataProcessor->process()
#5 C:\\HostingSpaces\\aaledmondsonpark\\edmondsonpark.airleague.com.au\\squadronadmin\\vendor\\yajra\\laravel-datatables-oracle\\src\\CollectionDataTable.php(164): Yajra\\DataTables\\DataTableAbstract->processResults()
#6 C:\\HostingSpaces\\aaledmondsonpark\\edmondsonpark.airleague.com.au\\squadronadmin\\app\\Http\\Controllers\\TermFeesController.php(181): Yajra\\DataTables\\CollectionDataTable->make()
#7 C:\\HostingSpaces\\aaledmondsonpark\\edmondsonpark.airleague.com.au\\squadronadmin\\vendor\\laravel\\framework\\src\\Illuminate\\Routing\\Controller.php(54): App\\Http\\Controllers\\TermFeesController->getTermFees()
#8 C:\\HostingSpaces\\aaledmondsonpark\\edmondsonpark.airleague.com.au\\squadronadmin\\vendor\\laravel\\framework\\src\\Illuminate\\Routing\\ControllerDispatcher.php(45): Illuminate\\Routing\\Controller->callAction()
#9 C:\\HostingSpaces\\aaledmondsonpark\\edmondsonpark.airleague.com.au\\squadronadmin\\vendor\\laravel\\framework\\src\\Illuminate\\Routing\\Route.php(239): Illuminate\\Routing\\ControllerDispatcher->dispatch()
#10 C:\\HostingSpaces\\aaledmondsonpark\\edmondsonpark.airleague.com.au\\squadronadmin\\vendor\\laravel\\framework\\src\\Illuminate\\Routing\\Route.php(196): Illuminate\\Routing\\Route->runController()
#11 C:\\HostingSpaces\\aaledmondsonpark\\edmondsonpark.airleague.com.au\\squadronadmin\\vendor\\laravel\\framework\\src\\Illuminate\\Routing\\Router.php(685): Illuminate\\Routing\\Route->run()
#12 C:\\HostingSpaces\\aaledmondsonpark\\edmondsonpark.airleague.com.au\\squadronadmin\\vendor\\laravel\\framework\\src\\Illuminate\\Pipeline\\Pipeline.php(128): Illuminate\\Routing\\Router->Illuminate\\Routing\\{closure}()
#13 C:\\HostingSpaces\\aaledmondsonpark\\edmondsonpark.airleague.com.au\\squadronadmin\\vendor\\laravel\\framework\\src\\Illuminate\\Routing\\Middleware\\SubstituteBindings.php(41): Illuminate\\Pipeline\\Pipeline->Illuminate\\Pipeline\\{closure}()
#14 C:\\HostingSpaces\\aaledmondsonpark\\edmondsonpark.airleague.com.au\\squadronadmin\\vendor\\laravel\\framework\\src\\Illuminate\\Pipeline\\Pipeline.php(167): Illuminate\\Routing\\Middleware\\SubstituteBindings->handle()
#15 C:\\HostingSpaces\\aaledmondsonpark\\edmondsonpark.airleague.com.au\\squadronadmin\\vendor\\laravel\\framework\\src\\Illuminate\\Foundation\\Http\\Middleware\\VerifyCsrfToken.php(78): Illuminate\\Pipeline\\Pipeline->Illuminate\\Pipeline\\{closure}()
#16 C:\\HostingSpaces\\aaledmondsonpark\\edmondsonpark.airleague.com.au\\squadronadmin\\vendor\\laravel\\framework\\src\\Illuminate\\Pipeline\\Pipeline.php(167): Illuminate\\Foundation\\Http\\Middleware\\VerifyCsrfToken->handle()
#17 C:\\HostingSpaces\\aaledmondsonpark\\edmondsonpark.airleague.com.au\\squadronadmin\\vendor\\laravel\\framework\\src\\Illuminate\\View\\Middleware\\ShareErrorsFromSession.php(49): Illuminate\\Pipeline\\Pipeline->Illuminate\\Pipeline\\{closure}()
#18 C:\\HostingSpaces\\aaledmondsonpark\\edmondsonpark.airleague.com.au\\squadronadmin\\vendor\\laravel\\framework\\src\\Illuminate\\Pipeline\\Pipeline.php(167): Illuminate\\View\\Middleware\\ShareErrorsFromSession->handle()
#19 C:\\HostingSpaces\\aaledmondsonpark\\edmondsonpark.airleague.com.au\\squadronadmin\\vendor\\laravel\\framework\\src\\Illuminate\\Session\\Middleware\\StartSession.php(116): Illuminate\\Pipeline\\Pipeline->Illuminate\\Pipeline\\{closure}()
#20 C:\\HostingSpaces\\aaledmondsonpark\\edmondsonpark.airleague.com.au\\squadronadmin\\vendor\\laravel\\framework\\src\\Illuminate\\Session\\Middleware\\StartSession.php(62): Illuminate\\Session\\Middleware\\StartSession->handleStatefulRequest()
#21 C:\\HostingSpaces\\aaledmondsonpark\\edmondsonpark.airleague.com.au\\squadronadmin\\vendor\\laravel\\framework\\src\\Illuminate\\Pipeline\\Pipeline.php(167): Illuminate\\Session\\Middleware\\StartSession->handle()
#22 C:\\HostingSpaces\\aaledmondsonpark\\edmondsonpark.airleague.com.au\\squadronadmin\\vendor\\laravel\\framework\\src\\Illuminate\\Cookie\\Middleware\\AddQueuedCookiesToResponse.php(37): Illuminate\\Pipeline\\Pipeline->Illuminate\\Pipeline\\{closure}()
#23 C:\\HostingSpaces\\aaledmondsonpark\\edmondsonpark.airleague.com.au\\squadronadmin\\vendor\\laravel\\framework\\src\\Illuminate\\Pipeline\\Pipeline.php(167): Illuminate\\Cookie\\Middleware\\AddQueuedCookiesToResponse->handle()
#24 C:\\HostingSpaces\\aaledmondsonpark\\edmondsonpark.airleague.com.au\\squadronadmin\\vendor\\laravel\\framework\\src\\Illuminate\\Cookie\\Middleware\\EncryptCookies.php(67): Illuminate\\Pipeline\\Pipeline->Illuminate\\Pipeline\\{closure}()
#25 C:\\HostingSpaces\\aaledmondsonpark\\edmondsonpark.airleague.com.au\\squadronadmin\\vendor\\laravel\\framework\\src\\Illuminate\\Pipeline\\Pipeline.php(167): Illuminate\\Cookie\\Middleware\\EncryptCookies->handle()
#26 C:\\HostingSpaces\\aaledmondsonpark\\edmondsonpark.airleague.com.au\\squadronadmin\\vendor\\laravel\\framework\\src\\Illuminate\\Pipeline\\Pipeline.php(103): Illuminate\\Pipeline\\Pipeline->Illuminate\\Pipeline\\{closure}()
#27 C:\\HostingSpaces\\aaledmondsonpark\\edmondsonpark.airleague.com.au\\squadronadmin\\vendor\\laravel\\framework\\src\\Illuminate\\Routing\\Router.php(687): Illuminate\\Pipeline\\Pipeline->then()
#28 C:\\HostingSpaces\\aaledmondsonpark\\edmondsonpark.airleague.com.au\\squadronadmin\\vendor\\laravel\\framework\\src\\Illuminate\\Routing\\Router.php(662): Illuminate\\Routing\\Router->runRouteWithinStack()
#29 C:\\HostingSpaces\\aaledmondsonpark\\edmondsonpark.airleague.com.au\\squadronadmin\\vendor\\laravel\\framework\\src\\Illuminate\\Routing\\Router.php(628): Illuminate\\Routing\\Router->runRoute()
#30 C:\\HostingSpaces\\aaledmondsonpark\\edmondsonpark.airleague.com.au\\squadronadmin\\vendor\\laravel\\framework\\src\\Illuminate\\Routing\\Router.php(617): Illuminate\\Routing\\Router->dispatchToRoute()
#31 C:\\HostingSpaces\\aaledmondsonpark\\edmondsonpark.airleague.com.au\\squadronadmin\\vendor\\laravel\\framework\\src\\Illuminate\\Foundation\\Http\\Kernel.php(165): Illuminate\\Routing\\Router->dispatch()
#32 C:\\HostingSpaces\\aaledmondsonpark\\edmondsonpark.airleague.com.au\\squadronadmin\\vendor\\laravel\\framework\\src\\Illuminate\\Pipeline\\Pipeline.php(128): Illuminate\\Foundation\\Http\\Kernel->Illuminate\\Foundation\\Http\\{closure}()
#33 C:\\HostingSpaces\\aaledmondsonpark\\edmondsonpark.airleague.com.au\\squadronadmin\\vendor\\fideloper\\proxy\\src\\TrustProxies.php(57): Illuminate\\Pipeline\\Pipeline->Illuminate\\Pipeline\\{closure}()
#34 C:\\HostingSpaces\\aaledmondsonpark\\edmondsonpark.airleague.com.au\\squadronadmin\\vendor\\laravel\\framework\\src\\Illuminate\\Pipeline\\Pipeline.php(167): Fideloper\\Proxy\\TrustProxies->handle()
#35 C:\\HostingSpaces\\aaledmondsonpark\\edmondsonpark.airleague.com.au\\squadronadmin\\vendor\\laravel\\framework\\src\\Illuminate\\Foundation\\Http\\Middleware\\TransformsRequest.php(21): Illuminate\\Pipeline\\Pipeline->Illuminate\\Pipeline\\{closure}()
#36 C:\\HostingSpaces\\aaledmondsonpark\\edmondsonpark.airleague.com.au\\squadronadmin\\vendor\\laravel\\framework\\src\\Illuminate\\Pipeline\\Pipeline.php(167): Illuminate\\Foundation\\Http\\Middleware\\TransformsRequest->handle()
#37 C:\\HostingSpaces\\aaledmondsonpark\\edmondsonpark.airleague.com.au\\squadronadmin\\vendor\\laravel\\framework\\src\\Illuminate\\Foundation\\Http\\Middleware\\TransformsRequest.php(21): Illuminate\\Pipeline\\Pipeline->Illuminate\\Pipeline\\{closure}()
#38 C:\\HostingSpaces\\aaledmondsonpark\\edmondsonpark.airleague.com.au\\squadronadmin\\vendor\\laravel\\framework\\src\\Illuminate\\Pipeline\\Pipeline.php(167): Illuminate\\Foundation\\Http\\Middleware\\TransformsRequest->handle()
#39 C:\\HostingSpaces\\aaledmondsonpark\\edmondsonpark.airleague.com.au\\squadronadmin\\vendor\\laravel\\framework\\src\\Illuminate\\Foundation\\Http\\Middleware\\ValidatePostSize.php(27): Illuminate\\Pipeline\\Pipeline->Illuminate\\Pipeline\\{closure}()
#40 C:\\HostingSpaces\\aaledmondsonpark\\edmondsonpark.airleague.com.au\\squadronadmin\\vendor\\laravel\\framework\\src\\Illuminate\\Pipeline\\Pipeline.php(167): Illuminate\\Foundation\\Http\\Middleware\\ValidatePostSize->handle()
#41 C:\\HostingSpaces\\aaledmondsonpark\\edmondsonpark.airleague.com.au\\squadronadmin\\vendor\\laravel\\framework\\src\\Illuminate\\Foundation\\Http\\Middleware\\CheckForMaintenanceMode.php(63): Illuminate\\Pipeline\\Pipeline->Illuminate\\Pipeline\\{closure}()
#42 C:\\HostingSpaces\\aaledmondsonpark\\edmondsonpark.airleague.com.au\\squadronadmin\\vendor\\laravel\\framework\\src\\Illuminate\\Pipeline\\Pipeline.php(167): Illuminate\\Foundation\\Http\\Middleware\\CheckForMaintenanceMode->handle()
#43 C:\\HostingSpaces\\aaledmondsonpark\\edmondsonpark.airleague.com.au\\squadronadmin\\vendor\\laravel\\framework\\src\\Illuminate\\Pipeline\\Pipeline.php(103): Illuminate\\Pipeline\\Pipeline->Illuminate\\Pipeline\\{closure}()
#44 C:\\HostingSpaces\\aaledmondsonpark\\edmondsonpark.airleague.com.au\\squadronadmin\\vendor\\laravel\\framework\\src\\Illuminate\\Foundation\\Http\\Kernel.php(140): Illuminate\\Pipeline\\Pipeline->then()
#45 C:\\HostingSpaces\\aaledmondsonpark\\edmondsonpark.airleague.com.au\\squadronadmin\\vendor\\laravel\\framework\\src\\Illuminate\\Foundation\\Http\\Kernel.php(109): Illuminate\\Foundation\\Http\\Kernel->sendRequestThroughRouter()
#46 C:\\HostingSpaces\\aaledmondsonpark\\edmondsonpark.airleague.com.au\\squadronadmin\\public\\index.php(55): Illuminate\\Foundation\\Http\\Kernel->handle()
#47 {main}
"} 
[2023-03-05 14:02:04] Production.ERROR: Trying to get property 'last_name' of non-object {"userId":1,"exception":"[object] (ErrorException(code: 0): Trying to get property 'last_name' of non-object at C:\\HostingSpaces\\aaledmondsonpark\\edmondsonpark.airleague.com.au\\squadronadmin\\app\\Http\\Controllers\\TermFeesController.php:159)
[stacktrace]
#0 C:\\HostingSpaces\\aaledmondsonpark\\edmondsonpark.airleague.com.au\\squadronadmin\\app\\Http\\Controllers\\TermFeesController.php(159): Illuminate\\Foundation\\Bootstrap\\HandleExceptions->handleError()
#1 C:\\HostingSpaces\\aaledmondsonpark\\edmondsonpark.airleague.com.au\\squadronadmin\\vendor\\yajra\\laravel-datatables-oracle\\src\\Utilities\\Helper.php(65): App\\Http\\Controllers\\TermFeesController->App\\Http\\Controllers\\{closure}()
#2 C:\\HostingSpaces\\aaledmondsonpark\\edmondsonpark.airleague.com.au\\squadronadmin\\vendor\\yajra\\laravel-datatables-oracle\\src\\Processors\\DataProcessor.php(137): Yajra\\DataTables\\Utilities\\Helper::compileContent()
#3 C:\\HostingSpaces\\aaledmondsonpark\\edmondsonpark.airleague.com.au\\squadronadmin\\vendor\\yajra\\laravel-datatables-oracle\\src\\Processors\\DataProcessor.php(106): Yajra\\DataTables\\Processors\\DataProcessor->addColumns()
#4 C:\\HostingSpaces\\aaledmondsonpark\\edmondsonpark.airleague.com.au\\squadronadmin\\vendor\\yajra\\laravel-datatables-oracle\\src\\DataTableAbstract.php(807): Yajra\\DataTables\\Processors\\DataProcessor->process()
#5 C:\\HostingSpaces\\aaledmondsonpark\\edmondsonpark.airleague.com.au\\squadronadmin\\vendor\\yajra\\laravel-datatables-oracle\\src\\CollectionDataTable.php(164): Yajra\\DataTables\\DataTableAbstract->processResults()
#6 C:\\HostingSpaces\\aaledmondsonpark\\edmondsonpark.airleague.com.au\\squadronadmin\\app\\Http\\Controllers\\TermFeesController.php(181): Yajra\\DataTables\\CollectionDataTable->make()
#7 C:\\HostingSpaces\\aaledmondsonpark\\edmondsonpark.airleague.com.au\\squadronadmin\\vendor\\laravel\\framework\\src\\Illuminate\\Routing\\Controller.php(54): App\\Http\\Controllers\\TermFeesController->getTermFees()
#8 C:\\HostingSpaces\\aaledmondsonpark\\edmondsonpark.airleague.com.au\\squadronadmin\\vendor\\laravel\\framework\\src\\Illuminate\\Routing\\ControllerDispatcher.php(45): Illuminate\\Routing\\Controller->callAction()
#9 C:\\HostingSpaces\\aaledmondsonpark\\edmondsonpark.airleague.com.au\\squadronadmin\\vendor\\laravel\\framework\\src\\Illuminate\\Routing\\Route.php(239): Illuminate\\Routing\\ControllerDispatcher->dispatch()
#10 C:\\HostingSpaces\\aaledmondsonpark\\edmondsonpark.airleague.com.au\\squadronadmin\\vendor\\laravel\\framework\\src\\Illuminate\\Routing\\Route.php(196): Illuminate\\Routing\\Route->runController()
#11 C:\\HostingSpaces\\aaledmondsonpark\\edmondsonpark.airleague.com.au\\squadronadmin\\vendor\\laravel\\framework\\src\\Illuminate\\Routing\\Router.php(685): Illuminate\\Routing\\Route->run()
#12 C:\\HostingSpaces\\aaledmondsonpark\\edmondsonpark.airleague.com.au\\squadronadmin\\vendor\\laravel\\framework\\src\\Illuminate\\Pipeline\\Pipeline.php(128): Illuminate\\Routing\\Router->Illuminate\\Routing\\{closure}()
#13 C:\\HostingSpaces\\aaledmondsonpark\\edmondsonpark.airleague.com.au\\squadronadmin\\vendor\\laravel\\framework\\src\\Illuminate\\Routing\\Middleware\\SubstituteBindings.php(41): Illuminate\\Pipeline\\Pipeline->Illuminate\\Pipeline\\{closure}()
#14 C:\\HostingSpaces\\aaledmondsonpark\\edmondsonpark.airleague.com.au\\squadronadmin\\vendor\\laravel\\framework\\src\\Illuminate\\Pipeline\\Pipeline.php(167): Illuminate\\Routing\\Middleware\\SubstituteBindings->handle()
#15 C:\\HostingSpaces\\aaledmondsonpark\\edmondsonpark.airleague.com.au\\squadronadmin\\vendor\\laravel\\framework\\src\\Illuminate\\Foundation\\Http\\Middleware\\VerifyCsrfToken.php(78): Illuminate\\Pipeline\\Pipeline->Illuminate\\Pipeline\\{closure}()
#16 C:\\HostingSpaces\\aaledmondsonpark\\edmondsonpark.airleague.com.au\\squadronadmin\\vendor\\laravel\\framework\\src\\Illuminate\\Pipeline\\Pipeline.php(167): Illuminate\\Foundation\\Http\\Middleware\\VerifyCsrfToken->handle()
#17 C:\\HostingSpaces\\aaledmondsonpark\\edmondsonpark.airleague.com.au\\squadronadmin\\vendor\\laravel\\framework\\src\\Illuminate\\View\\Middleware\\ShareErrorsFromSession.php(49): Illuminate\\Pipeline\\Pipeline->Illuminate\\Pipeline\\{closure}()
#18 C:\\HostingSpaces\\aaledmondsonpark\\edmondsonpark.airleague.com.au\\squadronadmin\\vendor\\laravel\\framework\\src\\Illuminate\\Pipeline\\Pipeline.php(167): Illuminate\\View\\Middleware\\ShareErrorsFromSession->handle()
#19 C:\\HostingSpaces\\aaledmondsonpark\\edmondsonpark.airleague.com.au\\squadronadmin\\vendor\\laravel\\framework\\src\\Illuminate\\Session\\Middleware\\StartSession.php(116): Illuminate\\Pipeline\\Pipeline->Illuminate\\Pipeline\\{closure}()
#20 C:\\HostingSpaces\\aaledmondsonpark\\edmondsonpark.airleague.com.au\\squadronadmin\\vendor\\laravel\\framework\\src\\Illuminate\\Session\\Middleware\\StartSession.php(62): Illuminate\\Session\\Middleware\\StartSession->handleStatefulRequest()
#21 C:\\HostingSpaces\\aaledmondsonpark\\edmondsonpark.airleague.com.au\\squadronadmin\\vendor\\laravel\\framework\\src\\Illuminate\\Pipeline\\Pipeline.php(167): Illuminate\\Session\\Middleware\\StartSession->handle()
#22 C:\\HostingSpaces\\aaledmondsonpark\\edmondsonpark.airleague.com.au\\squadronadmin\\vendor\\laravel\\framework\\src\\Illuminate\\Cookie\\Middleware\\AddQueuedCookiesToResponse.php(37): Illuminate\\Pipeline\\Pipeline->Illuminate\\Pipeline\\{closure}()
#23 C:\\HostingSpaces\\aaledmondsonpark\\edmondsonpark.airleague.com.au\\squadronadmin\\vendor\\laravel\\framework\\src\\Illuminate\\Pipeline\\Pipeline.php(167): Illuminate\\Cookie\\Middleware\\AddQueuedCookiesToResponse->handle()
#24 C:\\HostingSpaces\\aaledmondsonpark\\edmondsonpark.airleague.com.au\\squadronadmin\\vendor\\laravel\\framework\\src\\Illuminate\\Cookie\\Middleware\\EncryptCookies.php(67): Illuminate\\Pipeline\\Pipeline->Illuminate\\Pipeline\\{closure}()
#25 C:\\HostingSpaces\\aaledmondsonpark\\edmondsonpark.airleague.com.au\\squadronadmin\\vendor\\laravel\\framework\\src\\Illuminate\\Pipeline\\Pipeline.php(167): Illuminate\\Cookie\\Middleware\\EncryptCookies->handle()
#26 C:\\HostingSpaces\\aaledmondsonpark\\edmondsonpark.airleague.com.au\\squadronadmin\\vendor\\laravel\\framework\\src\\Illuminate\\Pipeline\\Pipeline.php(103): Illuminate\\Pipeline\\Pipeline->Illuminate\\Pipeline\\{closure}()
#27 C:\\HostingSpaces\\aaledmondsonpark\\edmondsonpark.airleague.com.au\\squadronadmin\\vendor\\laravel\\framework\\src\\Illuminate\\Routing\\Router.php(687): Illuminate\\Pipeline\\Pipeline->then()
#28 C:\\HostingSpaces\\aaledmondsonpark\\edmondsonpark.airleague.com.au\\squadronadmin\\vendor\\laravel\\framework\\src\\Illuminate\\Routing\\Router.php(662): Illuminate\\Routing\\Router->runRouteWithinStack()
#29 C:\\HostingSpaces\\aaledmondsonpark\\edmondsonpark.airleague.com.au\\squadronadmin\\vendor\\laravel\\framework\\src\\Illuminate\\Routing\\Router.php(628): Illuminate\\Routing\\Router->runRoute()
#30 C:\\HostingSpaces\\aaledmondsonpark\\edmondsonpark.airleague.com.au\\squadronadmin\\vendor\\laravel\\framework\\src\\Illuminate\\Routing\\Router.php(617): Illuminate\\Routing\\Router->dispatchToRoute()
#31 C:\\HostingSpaces\\aaledmondsonpark\\edmondsonpark.airleague.com.au\\squadronadmin\\vendor\\laravel\\framework\\src\\Illuminate\\Foundation\\Http\\Kernel.php(165): Illuminate\\Routing\\Router->dispatch()
#32 C:\\HostingSpaces\\aaledmondsonpark\\edmondsonpark.airleague.com.au\\squadronadmin\\vendor\\laravel\\framework\\src\\Illuminate\\Pipeline\\Pipeline.php(128): Illuminate\\Foundation\\Http\\Kernel->Illuminate\\Foundation\\Http\\{closure}()
#33 C:\\HostingSpaces\\aaledmondsonpark\\edmondsonpark.airleague.com.au\\squadronadmin\\vendor\\fideloper\\proxy\\src\\TrustProxies.php(57): Illuminate\\Pipeline\\Pipeline->Illuminate\\Pipeline\\{closure}()
#34 C:\\HostingSpaces\\aaledmondsonpark\\edmondsonpark.airleague.com.au\\squadronadmin\\vendor\\laravel\\framework\\src\\Illuminate\\Pipeline\\Pipeline.php(167): Fideloper\\Proxy\\TrustProxies->handle()
#35 C:\\HostingSpaces\\aaledmondsonpark\\edmondsonpark.airleague.com.au\\squadronadmin\\vendor\\laravel\\framework\\src\\Illuminate\\Foundation\\Http\\Middleware\\TransformsRequest.php(21): Illuminate\\Pipeline\\Pipeline->Illuminate\\Pipeline\\{closure}()
#36 C:\\HostingSpaces\\aaledmondsonpark\\edmondsonpark.airleague.com.au\\squadronadmin\\vendor\\laravel\\framework\\src\\Illuminate\\Pipeline\\Pipeline.php(167): Illuminate\\Foundation\\Http\\Middleware\\TransformsRequest->handle()
#37 C:\\HostingSpaces\\aaledmondsonpark\\edmondsonpark.airleague.com.au\\squadronadmin\\vendor\\laravel\\framework\\src\\Illuminate\\Foundation\\Http\\Middleware\\TransformsRequest.php(21): Illuminate\\Pipeline\\Pipeline->Illuminate\\Pipeline\\{closure}()
#38 C:\\HostingSpaces\\aaledmondsonpark\\edmondsonpark.airleague.com.au\\squadronadmin\\vendor\\laravel\\framework\\src\\Illuminate\\Pipeline\\Pipeline.php(167): Illuminate\\Foundation\\Http\\Middleware\\TransformsRequest->handle()
#39 C:\\HostingSpaces\\aaledmondsonpark\\edmondsonpark.airleague.com.au\\squadronadmin\\vendor\\laravel\\framework\\src\\Illuminate\\Foundation\\Http\\Middleware\\ValidatePostSize.php(27): Illuminate\\Pipeline\\Pipeline->Illuminate\\Pipeline\\{closure}()
#40 C:\\HostingSpaces\\aaledmondsonpark\\edmondsonpark.airleague.com.au\\squadronadmin\\vendor\\laravel\\framework\\src\\Illuminate\\Pipeline\\Pipeline.php(167): Illuminate\\Foundation\\Http\\Middleware\\ValidatePostSize->handle()
#41 C:\\HostingSpaces\\aaledmondsonpark\\edmondsonpark.airleague.com.au\\squadronadmin\\vendor\\laravel\\framework\\src\\Illuminate\\Foundation\\Http\\Middleware\\CheckForMaintenanceMode.php(63): Illuminate\\Pipeline\\Pipeline->Illuminate\\Pipeline\\{closure}()
#42 C:\\HostingSpaces\\aaledmondsonpark\\edmondsonpark.airleague.com.au\\squadronadmin\\vendor\\laravel\\framework\\src\\Illuminate\\Pipeline\\Pipeline.php(167): Illuminate\\Foundation\\Http\\Middleware\\CheckForMaintenanceMode->handle()
#43 C:\\HostingSpaces\\aaledmondsonpark\\edmondsonpark.airleague.com.au\\squadronadmin\\vendor\\laravel\\framework\\src\\Illuminate\\Pipeline\\Pipeline.php(103): Illuminate\\Pipeline\\Pipeline->Illuminate\\Pipeline\\{closure}()
#44 C:\\HostingSpaces\\aaledmondsonpark\\edmondsonpark.airleague.com.au\\squadronadmin\\vendor\\laravel\\framework\\src\\Illuminate\\Foundation\\Http\\Kernel.php(140): Illuminate\\Pipeline\\Pipeline->then()
#45 C:\\HostingSpaces\\aaledmondsonpark\\edmondsonpark.airleague.com.au\\squadronadmin\\vendor\\laravel\\framework\\src\\Illuminate\\Foundation\\Http\\Kernel.php(109): Illuminate\\Foundation\\Http\\Kernel->sendRequestThroughRouter()
#46 C:\\HostingSpaces\\aaledmondsonpark\\edmondsonpark.airleague.com.au\\squadronadmin\\public\\index.php(55): Illuminate\\Foundation\\Http\\Kernel->handle()
#47 {main}
"} 
[2023-03-05 14:02:42] Production.ERROR: Trying to get property 'first_name' of non-object {"userId":1,"exception":"[object] (ErrorException(code: 0): Trying to get property 'first_name' of non-object at C:\\HostingSpaces\\aaledmondsonpark\\edmondsonpark.airleague.com.au\\squadronadmin\\app\\Http\\Controllers\\TermFeesController.php:156)
[stacktrace]
#0 C:\\HostingSpaces\\aaledmondsonpark\\edmondsonpark.airleague.com.au\\squadronadmin\\app\\Http\\Controllers\\TermFeesController.php(156): Illuminate\\Foundation\\Bootstrap\\HandleExceptions->handleError()
#1 C:\\HostingSpaces\\aaledmondsonpark\\edmondsonpark.airleague.com.au\\squadronadmin\\vendor\\yajra\\laravel-datatables-oracle\\src\\Utilities\\Helper.php(65): App\\Http\\Controllers\\TermFeesController->App\\Http\\Controllers\\{closure}()
#2 C:\\HostingSpaces\\aaledmondsonpark\\edmondsonpark.airleague.com.au\\squadronadmin\\vendor\\yajra\\laravel-datatables-oracle\\src\\Processors\\DataProcessor.php(137): Yajra\\DataTables\\Utilities\\Helper::compileContent()
#3 C:\\HostingSpaces\\aaledmondsonpark\\edmondsonpark.airleague.com.au\\squadronadmin\\vendor\\yajra\\laravel-datatables-oracle\\src\\Processors\\DataProcessor.php(106): Yajra\\DataTables\\Processors\\DataProcessor->addColumns()
#4 C:\\HostingSpaces\\aaledmondsonpark\\edmondsonpark.airleague.com.au\\squadronadmin\\vendor\\yajra\\laravel-datatables-oracle\\src\\DataTableAbstract.php(807): Yajra\\DataTables\\Processors\\DataProcessor->process()
#5 C:\\HostingSpaces\\aaledmondsonpark\\edmondsonpark.airleague.com.au\\squadronadmin\\vendor\\yajra\\laravel-datatables-oracle\\src\\CollectionDataTable.php(164): Yajra\\DataTables\\DataTableAbstract->processResults()
#6 C:\\HostingSpaces\\aaledmondsonpark\\edmondsonpark.airleague.com.au\\squadronadmin\\app\\Http\\Controllers\\TermFeesController.php(181): Yajra\\DataTables\\CollectionDataTable->make()
#7 C:\\HostingSpaces\\aaledmondsonpark\\edmondsonpark.airleague.com.au\\squadronadmin\\vendor\\laravel\\framework\\src\\Illuminate\\Routing\\Controller.php(54): App\\Http\\Controllers\\TermFeesController->getTermFees()
#8 C:\\HostingSpaces\\aaledmondsonpark\\edmondsonpark.airleague.com.au\\squadronadmin\\vendor\\laravel\\framework\\src\\Illuminate\\Routing\\ControllerDispatcher.php(45): Illuminate\\Routing\\Controller->callAction()
#9 C:\\HostingSpaces\\aaledmondsonpark\\edmondsonpark.airleague.com.au\\squadronadmin\\vendor\\laravel\\framework\\src\\Illuminate\\Routing\\Route.php(239): Illuminate\\Routing\\ControllerDispatcher->dispatch()
#10 C:\\HostingSpaces\\aaledmondsonpark\\edmondsonpark.airleague.com.au\\squadronadmin\\vendor\\laravel\\framework\\src\\Illuminate\\Routing\\Route.php(196): Illuminate\\Routing\\Route->runController()
#11 C:\\HostingSpaces\\aaledmondsonpark\\edmondsonpark.airleague.com.au\\squadronadmin\\vendor\\laravel\\framework\\src\\Illuminate\\Routing\\Router.php(685): Illuminate\\Routing\\Route->run()
#12 C:\\HostingSpaces\\aaledmondsonpark\\edmondsonpark.airleague.com.au\\squadronadmin\\vendor\\laravel\\framework\\src\\Illuminate\\Pipeline\\Pipeline.php(128): Illuminate\\Routing\\Router->Illuminate\\Routing\\{closure}()
#13 C:\\HostingSpaces\\aaledmondsonpark\\edmondsonpark.airleague.com.au\\squadronadmin\\vendor\\laravel\\framework\\src\\Illuminate\\Routing\\Middleware\\SubstituteBindings.php(41): Illuminate\\Pipeline\\Pipeline->Illuminate\\Pipeline\\{closure}()
#14 C:\\HostingSpaces\\aaledmondsonpark\\edmondsonpark.airleague.com.au\\squadronadmin\\vendor\\laravel\\framework\\src\\Illuminate\\Pipeline\\Pipeline.php(167): Illuminate\\Routing\\Middleware\\SubstituteBindings->handle()
#15 C:\\HostingSpaces\\aaledmondsonpark\\edmondsonpark.airleague.com.au\\squadronadmin\\vendor\\laravel\\framework\\src\\Illuminate\\Foundation\\Http\\Middleware\\VerifyCsrfToken.php(78): Illuminate\\Pipeline\\Pipeline->Illuminate\\Pipeline\\{closure}()
#16 C:\\HostingSpaces\\aaledmondsonpark\\edmondsonpark.airleague.com.au\\squadronadmin\\vendor\\laravel\\framework\\src\\Illuminate\\Pipeline\\Pipeline.php(167): Illuminate\\Foundation\\Http\\Middleware\\VerifyCsrfToken->handle()
#17 C:\\HostingSpaces\\aaledmondsonpark\\edmondsonpark.airleague.com.au\\squadronadmin\\vendor\\laravel\\framework\\src\\Illuminate\\View\\Middleware\\ShareErrorsFromSession.php(49): Illuminate\\Pipeline\\Pipeline->Illuminate\\Pipeline\\{closure}()
#18 C:\\HostingSpaces\\aaledmondsonpark\\edmondsonpark.airleague.com.au\\squadronadmin\\vendor\\laravel\\framework\\src\\Illuminate\\Pipeline\\Pipeline.php(167): Illuminate\\View\\Middleware\\ShareErrorsFromSession->handle()
#19 C:\\HostingSpaces\\aaledmondsonpark\\edmondsonpark.airleague.com.au\\squadronadmin\\vendor\\laravel\\framework\\src\\Illuminate\\Session\\Middleware\\StartSession.php(116): Illuminate\\Pipeline\\Pipeline->Illuminate\\Pipeline\\{closure}()
#20 C:\\HostingSpaces\\aaledmondsonpark\\edmondsonpark.airleague.com.au\\squadronadmin\\vendor\\laravel\\framework\\src\\Illuminate\\Session\\Middleware\\StartSession.php(62): Illuminate\\Session\\Middleware\\StartSession->handleStatefulRequest()
#21 C:\\HostingSpaces\\aaledmondsonpark\\edmondsonpark.airleague.com.au\\squadronadmin\\vendor\\laravel\\framework\\src\\Illuminate\\Pipeline\\Pipeline.php(167): Illuminate\\Session\\Middleware\\StartSession->handle()
#22 C:\\HostingSpaces\\aaledmondsonpark\\edmondsonpark.airleague.com.au\\squadronadmin\\vendor\\laravel\\framework\\src\\Illuminate\\Cookie\\Middleware\\AddQueuedCookiesToResponse.php(37): Illuminate\\Pipeline\\Pipeline->Illuminate\\Pipeline\\{closure}()
#23 C:\\HostingSpaces\\aaledmondsonpark\\edmondsonpark.airleague.com.au\\squadronadmin\\vendor\\laravel\\framework\\src\\Illuminate\\Pipeline\\Pipeline.php(167): Illuminate\\Cookie\\Middleware\\AddQueuedCookiesToResponse->handle()
#24 C:\\HostingSpaces\\aaledmondsonpark\\edmondsonpark.airleague.com.au\\squadronadmin\\vendor\\laravel\\framework\\src\\Illuminate\\Cookie\\Middleware\\EncryptCookies.php(67): Illuminate\\Pipeline\\Pipeline->Illuminate\\Pipeline\\{closure}()
#25 C:\\HostingSpaces\\aaledmondsonpark\\edmondsonpark.airleague.com.au\\squadronadmin\\vendor\\laravel\\framework\\src\\Illuminate\\Pipeline\\Pipeline.php(167): Illuminate\\Cookie\\Middleware\\EncryptCookies->handle()
#26 C:\\HostingSpaces\\aaledmondsonpark\\edmondsonpark.airleague.com.au\\squadronadmin\\vendor\\laravel\\framework\\src\\Illuminate\\Pipeline\\Pipeline.php(103): Illuminate\\Pipeline\\Pipeline->Illuminate\\Pipeline\\{closure}()
#27 C:\\HostingSpaces\\aaledmondsonpark\\edmondsonpark.airleague.com.au\\squadronadmin\\vendor\\laravel\\framework\\src\\Illuminate\\Routing\\Router.php(687): Illuminate\\Pipeline\\Pipeline->then()
#28 C:\\HostingSpaces\\aaledmondsonpark\\edmondsonpark.airleague.com.au\\squadronadmin\\vendor\\laravel\\framework\\src\\Illuminate\\Routing\\Router.php(662): Illuminate\\Routing\\Router->runRouteWithinStack()
#29 C:\\HostingSpaces\\aaledmondsonpark\\edmondsonpark.airleague.com.au\\squadronadmin\\vendor\\laravel\\framework\\src\\Illuminate\\Routing\\Router.php(628): Illuminate\\Routing\\Router->runRoute()
#30 C:\\HostingSpaces\\aaledmondsonpark\\edmondsonpark.airleague.com.au\\squadronadmin\\vendor\\laravel\\framework\\src\\Illuminate\\Routing\\Router.php(617): Illuminate\\Routing\\Router->dispatchToRoute()
#31 C:\\HostingSpaces\\aaledmondsonpark\\edmondsonpark.airleague.com.au\\squadronadmin\\vendor\\laravel\\framework\\src\\Illuminate\\Foundation\\Http\\Kernel.php(165): Illuminate\\Routing\\Router->dispatch()
#32 C:\\HostingSpaces\\aaledmondsonpark\\edmondsonpark.airleague.com.au\\squadronadmin\\vendor\\laravel\\framework\\src\\Illuminate\\Pipeline\\Pipeline.php(128): Illuminate\\Foundation\\Http\\Kernel->Illuminate\\Foundation\\Http\\{closure}()
#33 C:\\HostingSpaces\\aaledmondsonpark\\edmondsonpark.airleague.com.au\\squadronadmin\\vendor\\fideloper\\proxy\\src\\TrustProxies.php(57): Illuminate\\Pipeline\\Pipeline->Illuminate\\Pipeline\\{closure}()
#34 C:\\HostingSpaces\\aaledmondsonpark\\edmondsonpark.airleague.com.au\\squadronadmin\\vendor\\laravel\\framework\\src\\Illuminate\\Pipeline\\Pipeline.php(167): Fideloper\\Proxy\\TrustProxies->handle()
#35 C:\\HostingSpaces\\aaledmondsonpark\\edmondsonpark.airleague.com.au\\squadronadmin\\vendor\\laravel\\framework\\src\\Illuminate\\Foundation\\Http\\Middleware\\TransformsRequest.php(21): Illuminate\\Pipeline\\Pipeline->Illuminate\\Pipeline\\{closure}()
#36 C:\\HostingSpaces\\aaledmondsonpark\\edmondsonpark.airleague.com.au\\squadronadmin\\vendor\\laravel\\framework\\src\\Illuminate\\Pipeline\\Pipeline.php(167): Illuminate\\Foundation\\Http\\Middleware\\TransformsRequest->handle()
#37 C:\\HostingSpaces\\aaledmondsonpark\\edmondsonpark.airleague.com.au\\squadronadmin\\vendor\\laravel\\framework\\src\\Illuminate\\Foundation\\Http\\Middleware\\TransformsRequest.php(21): Illuminate\\Pipeline\\Pipeline->Illuminate\\Pipeline\\{closure}()
#38 C:\\HostingSpaces\\aaledmondsonpark\\edmondsonpark.airleague.com.au\\squadronadmin\\vendor\\laravel\\framework\\src\\Illuminate\\Pipeline\\Pipeline.php(167): Illuminate\\Foundation\\Http\\Middleware\\TransformsRequest->handle()
#39 C:\\HostingSpaces\\aaledmondsonpark\\edmondsonpark.airleague.com.au\\squadronadmin\\vendor\\laravel\\framework\\src\\Illuminate\\Foundation\\Http\\Middleware\\ValidatePostSize.php(27): Illuminate\\Pipeline\\Pipeline->Illuminate\\Pipeline\\{closure}()
#40 C:\\HostingSpaces\\aaledmondsonpark\\edmondsonpark.airleague.com.au\\squadronadmin\\vendor\\laravel\\framework\\src\\Illuminate\\Pipeline\\Pipeline.php(167): Illuminate\\Foundation\\Http\\Middleware\\ValidatePostSize->handle()
#41 C:\\HostingSpaces\\aaledmondsonpark\\edmondsonpark.airleague.com.au\\squadronadmin\\vendor\\laravel\\framework\\src\\Illuminate\\Foundation\\Http\\Middleware\\CheckForMaintenanceMode.php(63): Illuminate\\Pipeline\\Pipeline->Illuminate\\Pipeline\\{closure}()
#42 C:\\HostingSpaces\\aaledmondsonpark\\edmondsonpark.airleague.com.au\\squadronadmin\\vendor\\laravel\\framework\\src\\Illuminate\\Pipeline\\Pipeline.php(167): Illuminate\\Foundation\\Http\\Middleware\\CheckForMaintenanceMode->handle()
#43 C:\\HostingSpaces\\aaledmondsonpark\\edmondsonpark.airleague.com.au\\squadronadmin\\vendor\\laravel\\framework\\src\\Illuminate\\Pipeline\\Pipeline.php(103): Illuminate\\Pipeline\\Pipeline->Illuminate\\Pipeline\\{closure}()
#44 C:\\HostingSpaces\\aaledmondsonpark\\edmondsonpark.airleague.com.au\\squadronadmin\\vendor\\laravel\\framework\\src\\Illuminate\\Foundation\\Http\\Kernel.php(140): Illuminate\\Pipeline\\Pipeline->then()
#45 C:\\HostingSpaces\\aaledmondsonpark\\edmondsonpark.airleague.com.au\\squadronadmin\\vendor\\laravel\\framework\\src\\Illuminate\\Foundation\\Http\\Kernel.php(109): Illuminate\\Foundation\\Http\\Kernel->sendRequestThroughRouter()
#46 C:\\HostingSpaces\\aaledmondsonpark\\edmondsonpark.airleague.com.au\\squadronadmin\\public\\index.php(55): Illuminate\\Foundation\\Http\\Kernel->handle()
#47 {main}
"} 
[2023-03-05 14:03:48] Production.ERROR: Trying to get property 'id' of non-object {"userId":1,"exception":"[object] (ErrorException(code: 0): Trying to get property 'id' of non-object at C:\\HostingSpaces\\aaledmondsonpark\\edmondsonpark.airleague.com.au\\squadronadmin\\app\\Http\\Controllers\\TermFeesController.php:169)
[stacktrace]
#0 C:\\HostingSpaces\\aaledmondsonpark\\edmondsonpark.airleague.com.au\\squadronadmin\\app\\Http\\Controllers\\TermFeesController.php(169): Illuminate\\Foundation\\Bootstrap\\HandleExceptions->handleError()
#1 C:\\HostingSpaces\\aaledmondsonpark\\edmondsonpark.airleague.com.au\\squadronadmin\\vendor\\yajra\\laravel-datatables-oracle\\src\\Utilities\\Helper.php(65): App\\Http\\Controllers\\TermFeesController->App\\Http\\Controllers\\{closure}()
#2 C:\\HostingSpaces\\aaledmondsonpark\\edmondsonpark.airleague.com.au\\squadronadmin\\vendor\\yajra\\laravel-datatables-oracle\\src\\Processors\\DataProcessor.php(137): Yajra\\DataTables\\Utilities\\Helper::compileContent()
#3 C:\\HostingSpaces\\aaledmondsonpark\\edmondsonpark.airleague.com.au\\squadronadmin\\vendor\\yajra\\laravel-datatables-oracle\\src\\Processors\\DataProcessor.php(106): Yajra\\DataTables\\Processors\\DataProcessor->addColumns()
#4 C:\\HostingSpaces\\aaledmondsonpark\\edmondsonpark.airleague.com.au\\squadronadmin\\vendor\\yajra\\laravel-datatables-oracle\\src\\DataTableAbstract.php(807): Yajra\\DataTables\\Processors\\DataProcessor->process()
#5 C:\\HostingSpaces\\aaledmondsonpark\\edmondsonpark.airleague.com.au\\squadronadmin\\vendor\\yajra\\laravel-datatables-oracle\\src\\CollectionDataTable.php(164): Yajra\\DataTables\\DataTableAbstract->processResults()
#6 C:\\HostingSpaces\\aaledmondsonpark\\edmondsonpark.airleague.com.au\\squadronadmin\\app\\Http\\Controllers\\TermFeesController.php(181): Yajra\\DataTables\\CollectionDataTable->make()
#7 C:\\HostingSpaces\\aaledmondsonpark\\edmondsonpark.airleague.com.au\\squadronadmin\\vendor\\laravel\\framework\\src\\Illuminate\\Routing\\Controller.php(54): App\\Http\\Controllers\\TermFeesController->getTermFees()
#8 C:\\HostingSpaces\\aaledmondsonpark\\edmondsonpark.airleague.com.au\\squadronadmin\\vendor\\laravel\\framework\\src\\Illuminate\\Routing\\ControllerDispatcher.php(45): Illuminate\\Routing\\Controller->callAction()
#9 C:\\HostingSpaces\\aaledmondsonpark\\edmondsonpark.airleague.com.au\\squadronadmin\\vendor\\laravel\\framework\\src\\Illuminate\\Routing\\Route.php(239): Illuminate\\Routing\\ControllerDispatcher->dispatch()
#10 C:\\HostingSpaces\\aaledmondsonpark\\edmondsonpark.airleague.com.au\\squadronadmin\\vendor\\laravel\\framework\\src\\Illuminate\\Routing\\Route.php(196): Illuminate\\Routing\\Route->runController()
#11 C:\\HostingSpaces\\aaledmondsonpark\\edmondsonpark.airleague.com.au\\squadronadmin\\vendor\\laravel\\framework\\src\\Illuminate\\Routing\\Router.php(685): Illuminate\\Routing\\Route->run()
#12 C:\\HostingSpaces\\aaledmondsonpark\\edmondsonpark.airleague.com.au\\squadronadmin\\vendor\\laravel\\framework\\src\\Illuminate\\Pipeline\\Pipeline.php(128): Illuminate\\Routing\\Router->Illuminate\\Routing\\{closure}()
#13 C:\\HostingSpaces\\aaledmondsonpark\\edmondsonpark.airleague.com.au\\squadronadmin\\vendor\\laravel\\framework\\src\\Illuminate\\Routing\\Middleware\\SubstituteBindings.php(41): Illuminate\\Pipeline\\Pipeline->Illuminate\\Pipeline\\{closure}()
#14 C:\\HostingSpaces\\aaledmondsonpark\\edmondsonpark.airleague.com.au\\squadronadmin\\vendor\\laravel\\framework\\src\\Illuminate\\Pipeline\\Pipeline.php(167): Illuminate\\Routing\\Middleware\\SubstituteBindings->handle()
#15 C:\\HostingSpaces\\aaledmondsonpark\\edmondsonpark.airleague.com.au\\squadronadmin\\vendor\\laravel\\framework\\src\\Illuminate\\Foundation\\Http\\Middleware\\VerifyCsrfToken.php(78): Illuminate\\Pipeline\\Pipeline->Illuminate\\Pipeline\\{closure}()
#16 C:\\HostingSpaces\\aaledmondsonpark\\edmondsonpark.airleague.com.au\\squadronadmin\\vendor\\laravel\\framework\\src\\Illuminate\\Pipeline\\Pipeline.php(167): Illuminate\\Foundation\\Http\\Middleware\\VerifyCsrfToken->handle()
#17 C:\\HostingSpaces\\aaledmondsonpark\\edmondsonpark.airleague.com.au\\squadronadmin\\vendor\\laravel\\framework\\src\\Illuminate\\View\\Middleware\\ShareErrorsFromSession.php(49): Illuminate\\Pipeline\\Pipeline->Illuminate\\Pipeline\\{closure}()
#18 C:\\HostingSpaces\\aaledmondsonpark\\edmondsonpark.airleague.com.au\\squadronadmin\\vendor\\laravel\\framework\\src\\Illuminate\\Pipeline\\Pipeline.php(167): Illuminate\\View\\Middleware\\ShareErrorsFromSession->handle()
#19 C:\\HostingSpaces\\aaledmondsonpark\\edmondsonpark.airleague.com.au\\squadronadmin\\vendor\\laravel\\framework\\src\\Illuminate\\Session\\Middleware\\StartSession.php(116): Illuminate\\Pipeline\\Pipeline->Illuminate\\Pipeline\\{closure}()
#20 C:\\HostingSpaces\\aaledmondsonpark\\edmondsonpark.airleague.com.au\\squadronadmin\\vendor\\laravel\\framework\\src\\Illuminate\\Session\\Middleware\\StartSession.php(62): Illuminate\\Session\\Middleware\\StartSession->handleStatefulRequest()
#21 C:\\HostingSpaces\\aaledmondsonpark\\edmondsonpark.airleague.com.au\\squadronadmin\\vendor\\laravel\\framework\\src\\Illuminate\\Pipeline\\Pipeline.php(167): Illuminate\\Session\\Middleware\\StartSession->handle()
#22 C:\\HostingSpaces\\aaledmondsonpark\\edmondsonpark.airleague.com.au\\squadronadmin\\vendor\\laravel\\framework\\src\\Illuminate\\Cookie\\Middleware\\AddQueuedCookiesToResponse.php(37): Illuminate\\Pipeline\\Pipeline->Illuminate\\Pipeline\\{closure}()
#23 C:\\HostingSpaces\\aaledmondsonpark\\edmondsonpark.airleague.com.au\\squadronadmin\\vendor\\laravel\\framework\\src\\Illuminate\\Pipeline\\Pipeline.php(167): Illuminate\\Cookie\\Middleware\\AddQueuedCookiesToResponse->handle()
#24 C:\\HostingSpaces\\aaledmondsonpark\\edmondsonpark.airleague.com.au\\squadronadmin\\vendor\\laravel\\framework\\src\\Illuminate\\Cookie\\Middleware\\EncryptCookies.php(67): Illuminate\\Pipeline\\Pipeline->Illuminate\\Pipeline\\{closure}()
#25 C:\\HostingSpaces\\aaledmondsonpark\\edmondsonpark.airleague.com.au\\squadronadmin\\vendor\\laravel\\framework\\src\\Illuminate\\Pipeline\\Pipeline.php(167): Illuminate\\Cookie\\Middleware\\EncryptCookies->handle()
#26 C:\\HostingSpaces\\aaledmondsonpark\\edmondsonpark.airleague.com.au\\squadronadmin\\vendor\\laravel\\framework\\src\\Illuminate\\Pipeline\\Pipeline.php(103): Illuminate\\Pipeline\\Pipeline->Illuminate\\Pipeline\\{closure}()
#27 C:\\HostingSpaces\\aaledmondsonpark\\edmondsonpark.airleague.com.au\\squadronadmin\\vendor\\laravel\\framework\\src\\Illuminate\\Routing\\Router.php(687): Illuminate\\Pipeline\\Pipeline->then()
#28 C:\\HostingSpaces\\aaledmondsonpark\\edmondsonpark.airleague.com.au\\squadronadmin\\vendor\\laravel\\framework\\src\\Illuminate\\Routing\\Router.php(662): Illuminate\\Routing\\Router->runRouteWithinStack()
#29 C:\\HostingSpaces\\aaledmondsonpark\\edmondsonpark.airleague.com.au\\squadronadmin\\vendor\\laravel\\framework\\src\\Illuminate\\Routing\\Router.php(628): Illuminate\\Routing\\Router->runRoute()
#30 C:\\HostingSpaces\\aaledmondsonpark\\edmondsonpark.airleague.com.au\\squadronadmin\\vendor\\laravel\\framework\\src\\Illuminate\\Routing\\Router.php(617): Illuminate\\Routing\\Router->dispatchToRoute()
#31 C:\\HostingSpaces\\aaledmondsonpark\\edmondsonpark.airleague.com.au\\squadronadmin\\vendor\\laravel\\framework\\src\\Illuminate\\Foundation\\Http\\Kernel.php(165): Illuminate\\Routing\\Router->dispatch()
#32 C:\\HostingSpaces\\aaledmondsonpark\\edmondsonpark.airleague.com.au\\squadronadmin\\vendor\\laravel\\framework\\src\\Illuminate\\Pipeline\\Pipeline.php(128): Illuminate\\Foundation\\Http\\Kernel->Illuminate\\Foundation\\Http\\{closure}()
#33 C:\\HostingSpaces\\aaledmondsonpark\\edmondsonpark.airleague.com.au\\squadronadmin\\vendor\\fideloper\\proxy\\src\\TrustProxies.php(57): Illuminate\\Pipeline\\Pipeline->Illuminate\\Pipeline\\{closure}()
#34 C:\\HostingSpaces\\aaledmondsonpark\\edmondsonpark.airleague.com.au\\squadronadmin\\vendor\\laravel\\framework\\src\\Illuminate\\Pipeline\\Pipeline.php(167): Fideloper\\Proxy\\TrustProxies->handle()
#35 C:\\HostingSpaces\\aaledmondsonpark\\edmondsonpark.airleague.com.au\\squadronadmin\\vendor\\laravel\\framework\\src\\Illuminate\\Foundation\\Http\\Middleware\\TransformsRequest.php(21): Illuminate\\Pipeline\\Pipeline->Illuminate\\Pipeline\\{closure}()
#36 C:\\HostingSpaces\\aaledmondsonpark\\edmondsonpark.airleague.com.au\\squadronadmin\\vendor\\laravel\\framework\\src\\Illuminate\\Pipeline\\Pipeline.php(167): Illuminate\\Foundation\\Http\\Middleware\\TransformsRequest->handle()
#37 C:\\HostingSpaces\\aaledmondsonpark\\edmondsonpark.airleague.com.au\\squadronadmin\\vendor\\laravel\\framework\\src\\Illuminate\\Foundation\\Http\\Middleware\\TransformsRequest.php(21): Illuminate\\Pipeline\\Pipeline->Illuminate\\Pipeline\\{closure}()
#38 C:\\HostingSpaces\\aaledmondsonpark\\edmondsonpark.airleague.com.au\\squadronadmin\\vendor\\laravel\\framework\\src\\Illuminate\\Pipeline\\Pipeline.php(167): Illuminate\\Foundation\\Http\\Middleware\\TransformsRequest->handle()
#39 C:\\HostingSpaces\\aaledmondsonpark\\edmondsonpark.airleague.com.au\\squadronadmin\\vendor\\laravel\\framework\\src\\Illuminate\\Foundation\\Http\\Middleware\\ValidatePostSize.php(27): Illuminate\\Pipeline\\Pipeline->Illuminate\\Pipeline\\{closure}()
#40 C:\\HostingSpaces\\aaledmondsonpark\\edmondsonpark.airleague.com.au\\squadronadmin\\vendor\\laravel\\framework\\src\\Illuminate\\Pipeline\\Pipeline.php(167): Illuminate\\Foundation\\Http\\Middleware\\ValidatePostSize->handle()
#41 C:\\HostingSpaces\\aaledmondsonpark\\edmondsonpark.airleague.com.au\\squadronadmin\\vendor\\laravel\\framework\\src\\Illuminate\\Foundation\\Http\\Middleware\\CheckForMaintenanceMode.php(63): Illuminate\\Pipeline\\Pipeline->Illuminate\\Pipeline\\{closure}()
#42 C:\\HostingSpaces\\aaledmondsonpark\\edmondsonpark.airleague.com.au\\squadronadmin\\vendor\\laravel\\framework\\src\\Illuminate\\Pipeline\\Pipeline.php(167): Illuminate\\Foundation\\Http\\Middleware\\CheckForMaintenanceMode->handle()
#43 C:\\HostingSpaces\\aaledmondsonpark\\edmondsonpark.airleague.com.au\\squadronadmin\\vendor\\laravel\\framework\\src\\Illuminate\\Pipeline\\Pipeline.php(103): Illuminate\\Pipeline\\Pipeline->Illuminate\\Pipeline\\{closure}()
#44 C:\\HostingSpaces\\aaledmondsonpark\\edmondsonpark.airleague.com.au\\squadronadmin\\vendor\\laravel\\framework\\src\\Illuminate\\Foundation\\Http\\Kernel.php(140): Illuminate\\Pipeline\\Pipeline->then()
#45 C:\\HostingSpaces\\aaledmondsonpark\\edmondsonpark.airleague.com.au\\squadronadmin\\vendor\\laravel\\framework\\src\\Illuminate\\Foundation\\Http\\Kernel.php(109): Illuminate\\Foundation\\Http\\Kernel->sendRequestThroughRouter()
#46 C:\\HostingSpaces\\aaledmondsonpark\\edmondsonpark.airleague.com.au\\squadronadmin\\public\\index.php(55): Illuminate\\Foundation\\Http\\Kernel->handle()
#47 {main}
"} 
[2023-03-05 14:05:30] Production.ERROR: Trying to get property 'id' of non-object {"userId":1,"exception":"[object] (ErrorException(code: 0): Trying to get property 'id' of non-object at C:\\HostingSpaces\\aaledmondsonpark\\edmondsonpark.airleague.com.au\\squadronadmin\\app\\Http\\Controllers\\TermFeesController.php:169)
[stacktrace]
#0 C:\\HostingSpaces\\aaledmondsonpark\\edmondsonpark.airleague.com.au\\squadronadmin\\app\\Http\\Controllers\\TermFeesController.php(169): Illuminate\\Foundation\\Bootstrap\\HandleExceptions->handleError()
#1 C:\\HostingSpaces\\aaledmondsonpark\\edmondsonpark.airleague.com.au\\squadronadmin\\vendor\\yajra\\laravel-datatables-oracle\\src\\Utilities\\Helper.php(65): App\\Http\\Controllers\\TermFeesController->App\\Http\\Controllers\\{closure}()
#2 C:\\HostingSpaces\\aaledmondsonpark\\edmondsonpark.airleague.com.au\\squadronadmin\\vendor\\yajra\\laravel-datatables-oracle\\src\\Processors\\DataProcessor.php(137): Yajra\\DataTables\\Utilities\\Helper::compileContent()
#3 C:\\HostingSpaces\\aaledmondsonpark\\edmondsonpark.airleague.com.au\\squadronadmin\\vendor\\yajra\\laravel-datatables-oracle\\src\\Processors\\DataProcessor.php(106): Yajra\\DataTables\\Processors\\DataProcessor->addColumns()
#4 C:\\HostingSpaces\\aaledmondsonpark\\edmondsonpark.airleague.com.au\\squadronadmin\\vendor\\yajra\\laravel-datatables-oracle\\src\\DataTableAbstract.php(807): Yajra\\DataTables\\Processors\\DataProcessor->process()
#5 C:\\HostingSpaces\\aaledmondsonpark\\edmondsonpark.airleague.com.au\\squadronadmin\\vendor\\yajra\\laravel-datatables-oracle\\src\\CollectionDataTable.php(164): Yajra\\DataTables\\DataTableAbstract->processResults()
#6 C:\\HostingSpaces\\aaledmondsonpark\\edmondsonpark.airleague.com.au\\squadronadmin\\app\\Http\\Controllers\\TermFeesController.php(181): Yajra\\DataTables\\CollectionDataTable->make()
#7 C:\\HostingSpaces\\aaledmondsonpark\\edmondsonpark.airleague.com.au\\squadronadmin\\vendor\\laravel\\framework\\src\\Illuminate\\Routing\\Controller.php(54): App\\Http\\Controllers\\TermFeesController->getTermFees()
#8 C:\\HostingSpaces\\aaledmondsonpark\\edmondsonpark.airleague.com.au\\squadronadmin\\vendor\\laravel\\framework\\src\\Illuminate\\Routing\\ControllerDispatcher.php(45): Illuminate\\Routing\\Controller->callAction()
#9 C:\\HostingSpaces\\aaledmondsonpark\\edmondsonpark.airleague.com.au\\squadronadmin\\vendor\\laravel\\framework\\src\\Illuminate\\Routing\\Route.php(239): Illuminate\\Routing\\ControllerDispatcher->dispatch()
#10 C:\\HostingSpaces\\aaledmondsonpark\\edmondsonpark.airleague.com.au\\squadronadmin\\vendor\\laravel\\framework\\src\\Illuminate\\Routing\\Route.php(196): Illuminate\\Routing\\Route->runController()
#11 C:\\HostingSpaces\\aaledmondsonpark\\edmondsonpark.airleague.com.au\\squadronadmin\\vendor\\laravel\\framework\\src\\Illuminate\\Routing\\Router.php(685): Illuminate\\Routing\\Route->run()
#12 C:\\HostingSpaces\\aaledmondsonpark\\edmondsonpark.airleague.com.au\\squadronadmin\\vendor\\laravel\\framework\\src\\Illuminate\\Pipeline\\Pipeline.php(128): Illuminate\\Routing\\Router->Illuminate\\Routing\\{closure}()
#13 C:\\HostingSpaces\\aaledmondsonpark\\edmondsonpark.airleague.com.au\\squadronadmin\\vendor\\laravel\\framework\\src\\Illuminate\\Routing\\Middleware\\SubstituteBindings.php(41): Illuminate\\Pipeline\\Pipeline->Illuminate\\Pipeline\\{closure}()
#14 C:\\HostingSpaces\\aaledmondsonpark\\edmondsonpark.airleague.com.au\\squadronadmin\\vendor\\laravel\\framework\\src\\Illuminate\\Pipeline\\Pipeline.php(167): Illuminate\\Routing\\Middleware\\SubstituteBindings->handle()
#15 C:\\HostingSpaces\\aaledmondsonpark\\edmondsonpark.airleague.com.au\\squadronadmin\\vendor\\laravel\\framework\\src\\Illuminate\\Foundation\\Http\\Middleware\\VerifyCsrfToken.php(78): Illuminate\\Pipeline\\Pipeline->Illuminate\\Pipeline\\{closure}()
#16 C:\\HostingSpaces\\aaledmondsonpark\\edmondsonpark.airleague.com.au\\squadronadmin\\vendor\\laravel\\framework\\src\\Illuminate\\Pipeline\\Pipeline.php(167): Illuminate\\Foundation\\Http\\Middleware\\VerifyCsrfToken->handle()
#17 C:\\HostingSpaces\\aaledmondsonpark\\edmondsonpark.airleague.com.au\\squadronadmin\\vendor\\laravel\\framework\\src\\Illuminate\\View\\Middleware\\ShareErrorsFromSession.php(49): Illuminate\\Pipeline\\Pipeline->Illuminate\\Pipeline\\{closure}()
#18 C:\\HostingSpaces\\aaledmondsonpark\\edmondsonpark.airleague.com.au\\squadronadmin\\vendor\\laravel\\framework\\src\\Illuminate\\Pipeline\\Pipeline.php(167): Illuminate\\View\\Middleware\\ShareErrorsFromSession->handle()
#19 C:\\HostingSpaces\\aaledmondsonpark\\edmondsonpark.airleague.com.au\\squadronadmin\\vendor\\laravel\\framework\\src\\Illuminate\\Session\\Middleware\\StartSession.php(116): Illuminate\\Pipeline\\Pipeline->Illuminate\\Pipeline\\{closure}()
#20 C:\\HostingSpaces\\aaledmondsonpark\\edmondsonpark.airleague.com.au\\squadronadmin\\vendor\\laravel\\framework\\src\\Illuminate\\Session\\Middleware\\StartSession.php(62): Illuminate\\Session\\Middleware\\StartSession->handleStatefulRequest()
#21 C:\\HostingSpaces\\aaledmondsonpark\\edmondsonpark.airleague.com.au\\squadronadmin\\vendor\\laravel\\framework\\src\\Illuminate\\Pipeline\\Pipeline.php(167): Illuminate\\Session\\Middleware\\StartSession->handle()
#22 C:\\HostingSpaces\\aaledmondsonpark\\edmondsonpark.airleague.com.au\\squadronadmin\\vendor\\laravel\\framework\\src\\Illuminate\\Cookie\\Middleware\\AddQueuedCookiesToResponse.php(37): Illuminate\\Pipeline\\Pipeline->Illuminate\\Pipeline\\{closure}()
#23 C:\\HostingSpaces\\aaledmondsonpark\\edmondsonpark.airleague.com.au\\squadronadmin\\vendor\\laravel\\framework\\src\\Illuminate\\Pipeline\\Pipeline.php(167): Illuminate\\Cookie\\Middleware\\AddQueuedCookiesToResponse->handle()
#24 C:\\HostingSpaces\\aaledmondsonpark\\edmondsonpark.airleague.com.au\\squadronadmin\\vendor\\laravel\\framework\\src\\Illuminate\\Cookie\\Middleware\\EncryptCookies.php(67): Illuminate\\Pipeline\\Pipeline->Illuminate\\Pipeline\\{closure}()
#25 C:\\HostingSpaces\\aaledmondsonpark\\edmondsonpark.airleague.com.au\\squadronadmin\\vendor\\laravel\\framework\\src\\Illuminate\\Pipeline\\Pipeline.php(167): Illuminate\\Cookie\\Middleware\\EncryptCookies->handle()
#26 C:\\HostingSpaces\\aaledmondsonpark\\edmondsonpark.airleague.com.au\\squadronadmin\\vendor\\laravel\\framework\\src\\Illuminate\\Pipeline\\Pipeline.php(103): Illuminate\\Pipeline\\Pipeline->Illuminate\\Pipeline\\{closure}()
#27 C:\\HostingSpaces\\aaledmondsonpark\\edmondsonpark.airleague.com.au\\squadronadmin\\vendor\\laravel\\framework\\src\\Illuminate\\Routing\\Router.php(687): Illuminate\\Pipeline\\Pipeline->then()
#28 C:\\HostingSpaces\\aaledmondsonpark\\edmondsonpark.airleague.com.au\\squadronadmin\\vendor\\laravel\\framework\\src\\Illuminate\\Routing\\Router.php(662): Illuminate\\Routing\\Router->runRouteWithinStack()
#29 C:\\HostingSpaces\\aaledmondsonpark\\edmondsonpark.airleague.com.au\\squadronadmin\\vendor\\laravel\\framework\\src\\Illuminate\\Routing\\Router.php(628): Illuminate\\Routing\\Router->runRoute()
#30 C:\\HostingSpaces\\aaledmondsonpark\\edmondsonpark.airleague.com.au\\squadronadmin\\vendor\\laravel\\framework\\src\\Illuminate\\Routing\\Router.php(617): Illuminate\\Routing\\Router->dispatchToRoute()
#31 C:\\HostingSpaces\\aaledmondsonpark\\edmondsonpark.airleague.com.au\\squadronadmin\\vendor\\laravel\\framework\\src\\Illuminate\\Foundation\\Http\\Kernel.php(165): Illuminate\\Routing\\Router->dispatch()
#32 C:\\HostingSpaces\\aaledmondsonpark\\edmondsonpark.airleague.com.au\\squadronadmin\\vendor\\laravel\\framework\\src\\Illuminate\\Pipeline\\Pipeline.php(128): Illuminate\\Foundation\\Http\\Kernel->Illuminate\\Foundation\\Http\\{closure}()
#33 C:\\HostingSpaces\\aaledmondsonpark\\edmondsonpark.airleague.com.au\\squadronadmin\\vendor\\fideloper\\proxy\\src\\TrustProxies.php(57): Illuminate\\Pipeline\\Pipeline->Illuminate\\Pipeline\\{closure}()
#34 C:\\HostingSpaces\\aaledmondsonpark\\edmondsonpark.airleague.com.au\\squadronadmin\\vendor\\laravel\\framework\\src\\Illuminate\\Pipeline\\Pipeline.php(167): Fideloper\\Proxy\\TrustProxies->handle()
#35 C:\\HostingSpaces\\aaledmondsonpark\\edmondsonpark.airleague.com.au\\squadronadmin\\vendor\\laravel\\framework\\src\\Illuminate\\Foundation\\Http\\Middleware\\TransformsRequest.php(21): Illuminate\\Pipeline\\Pipeline->Illuminate\\Pipeline\\{closure}()
#36 C:\\HostingSpaces\\aaledmondsonpark\\edmondsonpark.airleague.com.au\\squadronadmin\\vendor\\laravel\\framework\\src\\Illuminate\\Pipeline\\Pipeline.php(167): Illuminate\\Foundation\\Http\\Middleware\\TransformsRequest->handle()
#37 C:\\HostingSpaces\\aaledmondsonpark\\edmondsonpark.airleague.com.au\\squadronadmin\\vendor\\laravel\\framework\\src\\Illuminate\\Foundation\\Http\\Middleware\\TransformsRequest.php(21): Illuminate\\Pipeline\\Pipeline->Illuminate\\Pipeline\\{closure}()
#38 C:\\HostingSpaces\\aaledmondsonpark\\edmondsonpark.airleague.com.au\\squadronadmin\\vendor\\laravel\\framework\\src\\Illuminate\\Pipeline\\Pipeline.php(167): Illuminate\\Foundation\\Http\\Middleware\\TransformsRequest->handle()
#39 C:\\HostingSpaces\\aaledmondsonpark\\edmondsonpark.airleague.com.au\\squadronadmin\\vendor\\laravel\\framework\\src\\Illuminate\\Foundation\\Http\\Middleware\\ValidatePostSize.php(27): Illuminate\\Pipeline\\Pipeline->Illuminate\\Pipeline\\{closure}()
#40 C:\\HostingSpaces\\aaledmondsonpark\\edmondsonpark.airleague.com.au\\squadronadmin\\vendor\\laravel\\framework\\src\\Illuminate\\Pipeline\\Pipeline.php(167): Illuminate\\Foundation\\Http\\Middleware\\ValidatePostSize->handle()
#41 C:\\HostingSpaces\\aaledmondsonpark\\edmondsonpark.airleague.com.au\\squadronadmin\\vendor\\laravel\\framework\\src\\Illuminate\\Foundation\\Http\\Middleware\\CheckForMaintenanceMode.php(63): Illuminate\\Pipeline\\Pipeline->Illuminate\\Pipeline\\{closure}()
#42 C:\\HostingSpaces\\aaledmondsonpark\\edmondsonpark.airleague.com.au\\squadronadmin\\vendor\\laravel\\framework\\src\\Illuminate\\Pipeline\\Pipeline.php(167): Illuminate\\Foundation\\Http\\Middleware\\CheckForMaintenanceMode->handle()
#43 C:\\HostingSpaces\\aaledmondsonpark\\edmondsonpark.airleague.com.au\\squadronadmin\\vendor\\laravel\\framework\\src\\Illuminate\\Pipeline\\Pipeline.php(103): Illuminate\\Pipeline\\Pipeline->Illuminate\\Pipeline\\{closure}()
#44 C:\\HostingSpaces\\aaledmondsonpark\\edmondsonpark.airleague.com.au\\squadronadmin\\vendor\\laravel\\framework\\src\\Illuminate\\Foundation\\Http\\Kernel.php(140): Illuminate\\Pipeline\\Pipeline->then()
#45 C:\\HostingSpaces\\aaledmondsonpark\\edmondsonpark.airleague.com.au\\squadronadmin\\vendor\\laravel\\framework\\src\\Illuminate\\Foundation\\Http\\Kernel.php(109): Illuminate\\Foundation\\Http\\Kernel->sendRequestThroughRouter()
#46 C:\\HostingSpaces\\aaledmondsonpark\\edmondsonpark.airleague.com.au\\squadronadmin\\public\\index.php(55): Illuminate\\Foundation\\Http\\Kernel->handle()
#47 {main}
"} 
[2023-03-05 14:09:32] Production.ERROR: Trying to get property 'first_name' of non-object {"userId":1,"exception":"[object] (ErrorException(code: 0): Trying to get property 'first_name' of non-object at C:\\HostingSpaces\\aaledmondsonpark\\edmondsonpark.airleague.com.au\\squadronadmin\\app\\Http\\Controllers\\TermFeesController.php:156)
[stacktrace]
#0 C:\\HostingSpaces\\aaledmondsonpark\\edmondsonpark.airleague.com.au\\squadronadmin\\app\\Http\\Controllers\\TermFeesController.php(156): Illuminate\\Foundation\\Bootstrap\\HandleExceptions->handleError()
#1 C:\\HostingSpaces\\aaledmondsonpark\\edmondsonpark.airleague.com.au\\squadronadmin\\vendor\\yajra\\laravel-datatables-oracle\\src\\Utilities\\Helper.php(65): App\\Http\\Controllers\\TermFeesController->App\\Http\\Controllers\\{closure}()
#2 C:\\HostingSpaces\\aaledmondsonpark\\edmondsonpark.airleague.com.au\\squadronadmin\\vendor\\yajra\\laravel-datatables-oracle\\src\\Processors\\DataProcessor.php(137): Yajra\\DataTables\\Utilities\\Helper::compileContent()
#3 C:\\HostingSpaces\\aaledmondsonpark\\edmondsonpark.airleague.com.au\\squadronadmin\\vendor\\yajra\\laravel-datatables-oracle\\src\\Processors\\DataProcessor.php(106): Yajra\\DataTables\\Processors\\DataProcessor->addColumns()
#4 C:\\HostingSpaces\\aaledmondsonpark\\edmondsonpark.airleague.com.au\\squadronadmin\\vendor\\yajra\\laravel-datatables-oracle\\src\\DataTableAbstract.php(807): Yajra\\DataTables\\Processors\\DataProcessor->process()
#5 C:\\HostingSpaces\\aaledmondsonpark\\edmondsonpark.airleague.com.au\\squadronadmin\\vendor\\yajra\\laravel-datatables-oracle\\src\\CollectionDataTable.php(164): Yajra\\DataTables\\DataTableAbstract->processResults()
#6 C:\\HostingSpaces\\aaledmondsonpark\\edmondsonpark.airleague.com.au\\squadronadmin\\app\\Http\\Controllers\\TermFeesController.php(181): Yajra\\DataTables\\CollectionDataTable->make()
#7 C:\\HostingSpaces\\aaledmondsonpark\\edmondsonpark.airleague.com.au\\squadronadmin\\vendor\\laravel\\framework\\src\\Illuminate\\Routing\\Controller.php(54): App\\Http\\Controllers\\TermFeesController->getTermFees()
#8 C:\\HostingSpaces\\aaledmondsonpark\\edmondsonpark.airleague.com.au\\squadronadmin\\vendor\\laravel\\framework\\src\\Illuminate\\Routing\\ControllerDispatcher.php(45): Illuminate\\Routing\\Controller->callAction()
#9 C:\\HostingSpaces\\aaledmondsonpark\\edmondsonpark.airleague.com.au\\squadronadmin\\vendor\\laravel\\framework\\src\\Illuminate\\Routing\\Route.php(239): Illuminate\\Routing\\ControllerDispatcher->dispatch()
#10 C:\\HostingSpaces\\aaledmondsonpark\\edmondsonpark.airleague.com.au\\squadronadmin\\vendor\\laravel\\framework\\src\\Illuminate\\Routing\\Route.php(196): Illuminate\\Routing\\Route->runController()
#11 C:\\HostingSpaces\\aaledmondsonpark\\edmondsonpark.airleague.com.au\\squadronadmin\\vendor\\laravel\\framework\\src\\Illuminate\\Routing\\Router.php(685): Illuminate\\Routing\\Route->run()
#12 C:\\HostingSpaces\\aaledmondsonpark\\edmondsonpark.airleague.com.au\\squadronadmin\\vendor\\laravel\\framework\\src\\Illuminate\\Pipeline\\Pipeline.php(128): Illuminate\\Routing\\Router->Illuminate\\Routing\\{closure}()
#13 C:\\HostingSpaces\\aaledmondsonpark\\edmondsonpark.airleague.com.au\\squadronadmin\\vendor\\laravel\\framework\\src\\Illuminate\\Routing\\Middleware\\SubstituteBindings.php(41): Illuminate\\Pipeline\\Pipeline->Illuminate\\Pipeline\\{closure}()
#14 C:\\HostingSpaces\\aaledmondsonpark\\edmondsonpark.airleague.com.au\\squadronadmin\\vendor\\laravel\\framework\\src\\Illuminate\\Pipeline\\Pipeline.php(167): Illuminate\\Routing\\Middleware\\SubstituteBindings->handle()
#15 C:\\HostingSpaces\\aaledmondsonpark\\edmondsonpark.airleague.com.au\\squadronadmin\\vendor\\laravel\\framework\\src\\Illuminate\\Foundation\\Http\\Middleware\\VerifyCsrfToken.php(78): Illuminate\\Pipeline\\Pipeline->Illuminate\\Pipeline\\{closure}()
#16 C:\\HostingSpaces\\aaledmondsonpark\\edmondsonpark.airleague.com.au\\squadronadmin\\vendor\\laravel\\framework\\src\\Illuminate\\Pipeline\\Pipeline.php(167): Illuminate\\Foundation\\Http\\Middleware\\VerifyCsrfToken->handle()
#17 C:\\HostingSpaces\\aaledmondsonpark\\edmondsonpark.airleague.com.au\\squadronadmin\\vendor\\laravel\\framework\\src\\Illuminate\\View\\Middleware\\ShareErrorsFromSession.php(49): Illuminate\\Pipeline\\Pipeline->Illuminate\\Pipeline\\{closure}()
#18 C:\\HostingSpaces\\aaledmondsonpark\\edmondsonpark.airleague.com.au\\squadronadmin\\vendor\\laravel\\framework\\src\\Illuminate\\Pipeline\\Pipeline.php(167): Illuminate\\View\\Middleware\\ShareErrorsFromSession->handle()
#19 C:\\HostingSpaces\\aaledmondsonpark\\edmondsonpark.airleague.com.au\\squadronadmin\\vendor\\laravel\\framework\\src\\Illuminate\\Session\\Middleware\\StartSession.php(116): Illuminate\\Pipeline\\Pipeline->Illuminate\\Pipeline\\{closure}()
#20 C:\\HostingSpaces\\aaledmondsonpark\\edmondsonpark.airleague.com.au\\squadronadmin\\vendor\\laravel\\framework\\src\\Illuminate\\Session\\Middleware\\StartSession.php(62): Illuminate\\Session\\Middleware\\StartSession->handleStatefulRequest()
#21 C:\\HostingSpaces\\aaledmondsonpark\\edmondsonpark.airleague.com.au\\squadronadmin\\vendor\\laravel\\framework\\src\\Illuminate\\Pipeline\\Pipeline.php(167): Illuminate\\Session\\Middleware\\StartSession->handle()
#22 C:\\HostingSpaces\\aaledmondsonpark\\edmondsonpark.airleague.com.au\\squadronadmin\\vendor\\laravel\\framework\\src\\Illuminate\\Cookie\\Middleware\\AddQueuedCookiesToResponse.php(37): Illuminate\\Pipeline\\Pipeline->Illuminate\\Pipeline\\{closure}()
#23 C:\\HostingSpaces\\aaledmondsonpark\\edmondsonpark.airleague.com.au\\squadronadmin\\vendor\\laravel\\framework\\src\\Illuminate\\Pipeline\\Pipeline.php(167): Illuminate\\Cookie\\Middleware\\AddQueuedCookiesToResponse->handle()
#24 C:\\HostingSpaces\\aaledmondsonpark\\edmondsonpark.airleague.com.au\\squadronadmin\\vendor\\laravel\\framework\\src\\Illuminate\\Cookie\\Middleware\\EncryptCookies.php(67): Illuminate\\Pipeline\\Pipeline->Illuminate\\Pipeline\\{closure}()
#25 C:\\HostingSpaces\\aaledmondsonpark\\edmondsonpark.airleague.com.au\\squadronadmin\\vendor\\laravel\\framework\\src\\Illuminate\\Pipeline\\Pipeline.php(167): Illuminate\\Cookie\\Middleware\\EncryptCookies->handle()
#26 C:\\HostingSpaces\\aaledmondsonpark\\edmondsonpark.airleague.com.au\\squadronadmin\\vendor\\laravel\\framework\\src\\Illuminate\\Pipeline\\Pipeline.php(103): Illuminate\\Pipeline\\Pipeline->Illuminate\\Pipeline\\{closure}()
#27 C:\\HostingSpaces\\aaledmondsonpark\\edmondsonpark.airleague.com.au\\squadronadmin\\vendor\\laravel\\framework\\src\\Illuminate\\Routing\\Router.php(687): Illuminate\\Pipeline\\Pipeline->then()
#28 C:\\HostingSpaces\\aaledmondsonpark\\edmondsonpark.airleague.com.au\\squadronadmin\\vendor\\laravel\\framework\\src\\Illuminate\\Routing\\Router.php(662): Illuminate\\Routing\\Router->runRouteWithinStack()
#29 C:\\HostingSpaces\\aaledmondsonpark\\edmondsonpark.airleague.com.au\\squadronadmin\\vendor\\laravel\\framework\\src\\Illuminate\\Routing\\Router.php(628): Illuminate\\Routing\\Router->runRoute()
#30 C:\\HostingSpaces\\aaledmondsonpark\\edmondsonpark.airleague.com.au\\squadronadmin\\vendor\\laravel\\framework\\src\\Illuminate\\Routing\\Router.php(617): Illuminate\\Routing\\Router->dispatchToRoute()
#31 C:\\HostingSpaces\\aaledmondsonpark\\edmondsonpark.airleague.com.au\\squadronadmin\\vendor\\laravel\\framework\\src\\Illuminate\\Foundation\\Http\\Kernel.php(165): Illuminate\\Routing\\Router->dispatch()
#32 C:\\HostingSpaces\\aaledmondsonpark\\edmondsonpark.airleague.com.au\\squadronadmin\\vendor\\laravel\\framework\\src\\Illuminate\\Pipeline\\Pipeline.php(128): Illuminate\\Foundation\\Http\\Kernel->Illuminate\\Foundation\\Http\\{closure}()
#33 C:\\HostingSpaces\\aaledmondsonpark\\edmondsonpark.airleague.com.au\\squadronadmin\\vendor\\fideloper\\proxy\\src\\TrustProxies.php(57): Illuminate\\Pipeline\\Pipeline->Illuminate\\Pipeline\\{closure}()
#34 C:\\HostingSpaces\\aaledmondsonpark\\edmondsonpark.airleague.com.au\\squadronadmin\\vendor\\laravel\\framework\\src\\Illuminate\\Pipeline\\Pipeline.php(167): Fideloper\\Proxy\\TrustProxies->handle()
#35 C:\\HostingSpaces\\aaledmondsonpark\\edmondsonpark.airleague.com.au\\squadronadmin\\vendor\\laravel\\framework\\src\\Illuminate\\Foundation\\Http\\Middleware\\TransformsRequest.php(21): Illuminate\\Pipeline\\Pipeline->Illuminate\\Pipeline\\{closure}()
#36 C:\\HostingSpaces\\aaledmondsonpark\\edmondsonpark.airleague.com.au\\squadronadmin\\vendor\\laravel\\framework\\src\\Illuminate\\Pipeline\\Pipeline.php(167): Illuminate\\Foundation\\Http\\Middleware\\TransformsRequest->handle()
#37 C:\\HostingSpaces\\aaledmondsonpark\\edmondsonpark.airleague.com.au\\squadronadmin\\vendor\\laravel\\framework\\src\\Illuminate\\Foundation\\Http\\Middleware\\TransformsRequest.php(21): Illuminate\\Pipeline\\Pipeline->Illuminate\\Pipeline\\{closure}()
#38 C:\\HostingSpaces\\aaledmondsonpark\\edmondsonpark.airleague.com.au\\squadronadmin\\vendor\\laravel\\framework\\src\\Illuminate\\Pipeline\\Pipeline.php(167): Illuminate\\Foundation\\Http\\Middleware\\TransformsRequest->handle()
#39 C:\\HostingSpaces\\aaledmondsonpark\\edmondsonpark.airleague.com.au\\squadronadmin\\vendor\\laravel\\framework\\src\\Illuminate\\Foundation\\Http\\Middleware\\ValidatePostSize.php(27): Illuminate\\Pipeline\\Pipeline->Illuminate\\Pipeline\\{closure}()
#40 C:\\HostingSpaces\\aaledmondsonpark\\edmondsonpark.airleague.com.au\\squadronadmin\\vendor\\laravel\\framework\\src\\Illuminate\\Pipeline\\Pipeline.php(167): Illuminate\\Foundation\\Http\\Middleware\\ValidatePostSize->handle()
#41 C:\\HostingSpaces\\aaledmondsonpark\\edmondsonpark.airleague.com.au\\squadronadmin\\vendor\\laravel\\framework\\src\\Illuminate\\Foundation\\Http\\Middleware\\CheckForMaintenanceMode.php(63): Illuminate\\Pipeline\\Pipeline->Illuminate\\Pipeline\\{closure}()
#42 C:\\HostingSpaces\\aaledmondsonpark\\edmondsonpark.airleague.com.au\\squadronadmin\\vendor\\laravel\\framework\\src\\Illuminate\\Pipeline\\Pipeline.php(167): Illuminate\\Foundation\\Http\\Middleware\\CheckForMaintenanceMode->handle()
#43 C:\\HostingSpaces\\aaledmondsonpark\\edmondsonpark.airleague.com.au\\squadronadmin\\vendor\\laravel\\framework\\src\\Illuminate\\Pipeline\\Pipeline.php(103): Illuminate\\Pipeline\\Pipeline->Illuminate\\Pipeline\\{closure}()
#44 C:\\HostingSpaces\\aaledmondsonpark\\edmondsonpark.airleague.com.au\\squadronadmin\\vendor\\laravel\\framework\\src\\Illuminate\\Foundation\\Http\\Kernel.php(140): Illuminate\\Pipeline\\Pipeline->then()
#45 C:\\HostingSpaces\\aaledmondsonpark\\edmondsonpark.airleague.com.au\\squadronadmin\\vendor\\laravel\\framework\\src\\Illuminate\\Foundation\\Http\\Kernel.php(109): Illuminate\\Foundation\\Http\\Kernel->sendRequestThroughRouter()
#46 C:\\HostingSpaces\\aaledmondsonpark\\edmondsonpark.airleague.com.au\\squadronadmin\\public\\index.php(55): Illuminate\\Foundation\\Http\\Kernel->handle()
#47 {main}
"} 
[2023-03-05 14:11:00] Production.ERROR: Trying to get property 'first_name' of non-object {"userId":1,"exception":"[object] (ErrorException(code: 0): Trying to get property 'first_name' of non-object at C:\\HostingSpaces\\aaledmondsonpark\\edmondsonpark.airleague.com.au\\squadronadmin\\app\\Http\\Controllers\\TermFeesController.php:156)
[stacktrace]
#0 C:\\HostingSpaces\\aaledmondsonpark\\edmondsonpark.airleague.com.au\\squadronadmin\\app\\Http\\Controllers\\TermFeesController.php(156): Illuminate\\Foundation\\Bootstrap\\HandleExceptions->handleError()
#1 C:\\HostingSpaces\\aaledmondsonpark\\edmondsonpark.airleague.com.au\\squadronadmin\\vendor\\yajra\\laravel-datatables-oracle\\src\\Utilities\\Helper.php(65): App\\Http\\Controllers\\TermFeesController->App\\Http\\Controllers\\{closure}()
#2 C:\\HostingSpaces\\aaledmondsonpark\\edmondsonpark.airleague.com.au\\squadronadmin\\vendor\\yajra\\laravel-datatables-oracle\\src\\Processors\\DataProcessor.php(137): Yajra\\DataTables\\Utilities\\Helper::compileContent()
#3 C:\\HostingSpaces\\aaledmondsonpark\\edmondsonpark.airleague.com.au\\squadronadmin\\vendor\\yajra\\laravel-datatables-oracle\\src\\Processors\\DataProcessor.php(106): Yajra\\DataTables\\Processors\\DataProcessor->addColumns()
#4 C:\\HostingSpaces\\aaledmondsonpark\\edmondsonpark.airleague.com.au\\squadronadmin\\vendor\\yajra\\laravel-datatables-oracle\\src\\DataTableAbstract.php(807): Yajra\\DataTables\\Processors\\DataProcessor->process()
#5 C:\\HostingSpaces\\aaledmondsonpark\\edmondsonpark.airleague.com.au\\squadronadmin\\vendor\\yajra\\laravel-datatables-oracle\\src\\CollectionDataTable.php(164): Yajra\\DataTables\\DataTableAbstract->processResults()
#6 C:\\HostingSpaces\\aaledmondsonpark\\edmondsonpark.airleague.com.au\\squadronadmin\\app\\Http\\Controllers\\TermFeesController.php(181): Yajra\\DataTables\\CollectionDataTable->make()
#7 C:\\HostingSpaces\\aaledmondsonpark\\edmondsonpark.airleague.com.au\\squadronadmin\\vendor\\laravel\\framework\\src\\Illuminate\\Routing\\Controller.php(54): App\\Http\\Controllers\\TermFeesController->getTermFees()
#8 C:\\HostingSpaces\\aaledmondsonpark\\edmondsonpark.airleague.com.au\\squadronadmin\\vendor\\laravel\\framework\\src\\Illuminate\\Routing\\ControllerDispatcher.php(45): Illuminate\\Routing\\Controller->callAction()
#9 C:\\HostingSpaces\\aaledmondsonpark\\edmondsonpark.airleague.com.au\\squadronadmin\\vendor\\laravel\\framework\\src\\Illuminate\\Routing\\Route.php(239): Illuminate\\Routing\\ControllerDispatcher->dispatch()
#10 C:\\HostingSpaces\\aaledmondsonpark\\edmondsonpark.airleague.com.au\\squadronadmin\\vendor\\laravel\\framework\\src\\Illuminate\\Routing\\Route.php(196): Illuminate\\Routing\\Route->runController()
#11 C:\\HostingSpaces\\aaledmondsonpark\\edmondsonpark.airleague.com.au\\squadronadmin\\vendor\\laravel\\framework\\src\\Illuminate\\Routing\\Router.php(685): Illuminate\\Routing\\Route->run()
#12 C:\\HostingSpaces\\aaledmondsonpark\\edmondsonpark.airleague.com.au\\squadronadmin\\vendor\\laravel\\framework\\src\\Illuminate\\Pipeline\\Pipeline.php(128): Illuminate\\Routing\\Router->Illuminate\\Routing\\{closure}()
#13 C:\\HostingSpaces\\aaledmondsonpark\\edmondsonpark.airleague.com.au\\squadronadmin\\vendor\\laravel\\framework\\src\\Illuminate\\Routing\\Middleware\\SubstituteBindings.php(41): Illuminate\\Pipeline\\Pipeline->Illuminate\\Pipeline\\{closure}()
#14 C:\\HostingSpaces\\aaledmondsonpark\\edmondsonpark.airleague.com.au\\squadronadmin\\vendor\\laravel\\framework\\src\\Illuminate\\Pipeline\\Pipeline.php(167): Illuminate\\Routing\\Middleware\\SubstituteBindings->handle()
#15 C:\\HostingSpaces\\aaledmondsonpark\\edmondsonpark.airleague.com.au\\squadronadmin\\vendor\\laravel\\framework\\src\\Illuminate\\Foundation\\Http\\Middleware\\VerifyCsrfToken.php(78): Illuminate\\Pipeline\\Pipeline->Illuminate\\Pipeline\\{closure}()
#16 C:\\HostingSpaces\\aaledmondsonpark\\edmondsonpark.airleague.com.au\\squadronadmin\\vendor\\laravel\\framework\\src\\Illuminate\\Pipeline\\Pipeline.php(167): Illuminate\\Foundation\\Http\\Middleware\\VerifyCsrfToken->handle()
#17 C:\\HostingSpaces\\aaledmondsonpark\\edmondsonpark.airleague.com.au\\squadronadmin\\vendor\\laravel\\framework\\src\\Illuminate\\View\\Middleware\\ShareErrorsFromSession.php(49): Illuminate\\Pipeline\\Pipeline->Illuminate\\Pipeline\\{closure}()
#18 C:\\HostingSpaces\\aaledmondsonpark\\edmondsonpark.airleague.com.au\\squadronadmin\\vendor\\laravel\\framework\\src\\Illuminate\\Pipeline\\Pipeline.php(167): Illuminate\\View\\Middleware\\ShareErrorsFromSession->handle()
#19 C:\\HostingSpaces\\aaledmondsonpark\\edmondsonpark.airleague.com.au\\squadronadmin\\vendor\\laravel\\framework\\src\\Illuminate\\Session\\Middleware\\StartSession.php(116): Illuminate\\Pipeline\\Pipeline->Illuminate\\Pipeline\\{closure}()
#20 C:\\HostingSpaces\\aaledmondsonpark\\edmondsonpark.airleague.com.au\\squadronadmin\\vendor\\laravel\\framework\\src\\Illuminate\\Session\\Middleware\\StartSession.php(62): Illuminate\\Session\\Middleware\\StartSession->handleStatefulRequest()
#21 C:\\HostingSpaces\\aaledmondsonpark\\edmondsonpark.airleague.com.au\\squadronadmin\\vendor\\laravel\\framework\\src\\Illuminate\\Pipeline\\Pipeline.php(167): Illuminate\\Session\\Middleware\\StartSession->handle()
#22 C:\\HostingSpaces\\aaledmondsonpark\\edmondsonpark.airleague.com.au\\squadronadmin\\vendor\\laravel\\framework\\src\\Illuminate\\Cookie\\Middleware\\AddQueuedCookiesToResponse.php(37): Illuminate\\Pipeline\\Pipeline->Illuminate\\Pipeline\\{closure}()
#23 C:\\HostingSpaces\\aaledmondsonpark\\edmondsonpark.airleague.com.au\\squadronadmin\\vendor\\laravel\\framework\\src\\Illuminate\\Pipeline\\Pipeline.php(167): Illuminate\\Cookie\\Middleware\\AddQueuedCookiesToResponse->handle()
#24 C:\\HostingSpaces\\aaledmondsonpark\\edmondsonpark.airleague.com.au\\squadronadmin\\vendor\\laravel\\framework\\src\\Illuminate\\Cookie\\Middleware\\EncryptCookies.php(67): Illuminate\\Pipeline\\Pipeline->Illuminate\\Pipeline\\{closure}()
#25 C:\\HostingSpaces\\aaledmondsonpark\\edmondsonpark.airleague.com.au\\squadronadmin\\vendor\\laravel\\framework\\src\\Illuminate\\Pipeline\\Pipeline.php(167): Illuminate\\Cookie\\Middleware\\EncryptCookies->handle()
#26 C:\\HostingSpaces\\aaledmondsonpark\\edmondsonpark.airleague.com.au\\squadronadmin\\vendor\\laravel\\framework\\src\\Illuminate\\Pipeline\\Pipeline.php(103): Illuminate\\Pipeline\\Pipeline->Illuminate\\Pipeline\\{closure}()
#27 C:\\HostingSpaces\\aaledmondsonpark\\edmondsonpark.airleague.com.au\\squadronadmin\\vendor\\laravel\\framework\\src\\Illuminate\\Routing\\Router.php(687): Illuminate\\Pipeline\\Pipeline->then()
#28 C:\\HostingSpaces\\aaledmondsonpark\\edmondsonpark.airleague.com.au\\squadronadmin\\vendor\\laravel\\framework\\src\\Illuminate\\Routing\\Router.php(662): Illuminate\\Routing\\Router->runRouteWithinStack()
#29 C:\\HostingSpaces\\aaledmondsonpark\\edmondsonpark.airleague.com.au\\squadronadmin\\vendor\\laravel\\framework\\src\\Illuminate\\Routing\\Router.php(628): Illuminate\\Routing\\Router->runRoute()
#30 C:\\HostingSpaces\\aaledmondsonpark\\edmondsonpark.airleague.com.au\\squadronadmin\\vendor\\laravel\\framework\\src\\Illuminate\\Routing\\Router.php(617): Illuminate\\Routing\\Router->dispatchToRoute()
#31 C:\\HostingSpaces\\aaledmondsonpark\\edmondsonpark.airleague.com.au\\squadronadmin\\vendor\\laravel\\framework\\src\\Illuminate\\Foundation\\Http\\Kernel.php(165): Illuminate\\Routing\\Router->dispatch()
#32 C:\\HostingSpaces\\aaledmondsonpark\\edmondsonpark.airleague.com.au\\squadronadmin\\vendor\\laravel\\framework\\src\\Illuminate\\Pipeline\\Pipeline.php(128): Illuminate\\Foundation\\Http\\Kernel->Illuminate\\Foundation\\Http\\{closure}()
#33 C:\\HostingSpaces\\aaledmondsonpark\\edmondsonpark.airleague.com.au\\squadronadmin\\vendor\\fideloper\\proxy\\src\\TrustProxies.php(57): Illuminate\\Pipeline\\Pipeline->Illuminate\\Pipeline\\{closure}()
#34 C:\\HostingSpaces\\aaledmondsonpark\\edmondsonpark.airleague.com.au\\squadronadmin\\vendor\\laravel\\framework\\src\\Illuminate\\Pipeline\\Pipeline.php(167): Fideloper\\Proxy\\TrustProxies->handle()
#35 C:\\HostingSpaces\\aaledmondsonpark\\edmondsonpark.airleague.com.au\\squadronadmin\\vendor\\laravel\\framework\\src\\Illuminate\\Foundation\\Http\\Middleware\\TransformsRequest.php(21): Illuminate\\Pipeline\\Pipeline->Illuminate\\Pipeline\\{closure}()
#36 C:\\HostingSpaces\\aaledmondsonpark\\edmondsonpark.airleague.com.au\\squadronadmin\\vendor\\laravel\\framework\\src\\Illuminate\\Pipeline\\Pipeline.php(167): Illuminate\\Foundation\\Http\\Middleware\\TransformsRequest->handle()
#37 C:\\HostingSpaces\\aaledmondsonpark\\edmondsonpark.airleague.com.au\\squadronadmin\\vendor\\laravel\\framework\\src\\Illuminate\\Foundation\\Http\\Middleware\\TransformsRequest.php(21): Illuminate\\Pipeline\\Pipeline->Illuminate\\Pipeline\\{closure}()
#38 C:\\HostingSpaces\\aaledmondsonpark\\edmondsonpark.airleague.com.au\\squadronadmin\\vendor\\laravel\\framework\\src\\Illuminate\\Pipeline\\Pipeline.php(167): Illuminate\\Foundation\\Http\\Middleware\\TransformsRequest->handle()
#39 C:\\HostingSpaces\\aaledmondsonpark\\edmondsonpark.airleague.com.au\\squadronadmin\\vendor\\laravel\\framework\\src\\Illuminate\\Foundation\\Http\\Middleware\\ValidatePostSize.php(27): Illuminate\\Pipeline\\Pipeline->Illuminate\\Pipeline\\{closure}()
#40 C:\\HostingSpaces\\aaledmondsonpark\\edmondsonpark.airleague.com.au\\squadronadmin\\vendor\\laravel\\framework\\src\\Illuminate\\Pipeline\\Pipeline.php(167): Illuminate\\Foundation\\Http\\Middleware\\ValidatePostSize->handle()
#41 C:\\HostingSpaces\\aaledmondsonpark\\edmondsonpark.airleague.com.au\\squadronadmin\\vendor\\laravel\\framework\\src\\Illuminate\\Foundation\\Http\\Middleware\\CheckForMaintenanceMode.php(63): Illuminate\\Pipeline\\Pipeline->Illuminate\\Pipeline\\{closure}()
#42 C:\\HostingSpaces\\aaledmondsonpark\\edmondsonpark.airleague.com.au\\squadronadmin\\vendor\\laravel\\framework\\src\\Illuminate\\Pipeline\\Pipeline.php(167): Illuminate\\Foundation\\Http\\Middleware\\CheckForMaintenanceMode->handle()
#43 C:\\HostingSpaces\\aaledmondsonpark\\edmondsonpark.airleague.com.au\\squadronadmin\\vendor\\laravel\\framework\\src\\Illuminate\\Pipeline\\Pipeline.php(103): Illuminate\\Pipeline\\Pipeline->Illuminate\\Pipeline\\{closure}()
#44 C:\\HostingSpaces\\aaledmondsonpark\\edmondsonpark.airleague.com.au\\squadronadmin\\vendor\\laravel\\framework\\src\\Illuminate\\Foundation\\Http\\Kernel.php(140): Illuminate\\Pipeline\\Pipeline->then()
#45 C:\\HostingSpaces\\aaledmondsonpark\\edmondsonpark.airleague.com.au\\squadronadmin\\vendor\\laravel\\framework\\src\\Illuminate\\Foundation\\Http\\Kernel.php(109): Illuminate\\Foundation\\Http\\Kernel->sendRequestThroughRouter()
#46 C:\\HostingSpaces\\aaledmondsonpark\\edmondsonpark.airleague.com.au\\squadronadmin\\public\\index.php(55): Illuminate\\Foundation\\Http\\Kernel->handle()
#47 {main}
"} 
[2023-03-05 14:12:50] Production.ERROR: Trying to get property 'id' of non-object {"userId":1,"exception":"[object] (ErrorException(code: 0): Trying to get property 'id' of non-object at C:\\HostingSpaces\\aaledmondsonpark\\edmondsonpark.airleague.com.au\\squadronadmin\\app\\Http\\Controllers\\TermFeesController.php:169)
[stacktrace]
#0 C:\\HostingSpaces\\aaledmondsonpark\\edmondsonpark.airleague.com.au\\squadronadmin\\app\\Http\\Controllers\\TermFeesController.php(169): Illuminate\\Foundation\\Bootstrap\\HandleExceptions->handleError()
#1 C:\\HostingSpaces\\aaledmondsonpark\\edmondsonpark.airleague.com.au\\squadronadmin\\vendor\\yajra\\laravel-datatables-oracle\\src\\Utilities\\Helper.php(65): App\\Http\\Controllers\\TermFeesController->App\\Http\\Controllers\\{closure}()
#2 C:\\HostingSpaces\\aaledmondsonpark\\edmondsonpark.airleague.com.au\\squadronadmin\\vendor\\yajra\\laravel-datatables-oracle\\src\\Processors\\DataProcessor.php(137): Yajra\\DataTables\\Utilities\\Helper::compileContent()
#3 C:\\HostingSpaces\\aaledmondsonpark\\edmondsonpark.airleague.com.au\\squadronadmin\\vendor\\yajra\\laravel-datatables-oracle\\src\\Processors\\DataProcessor.php(106): Yajra\\DataTables\\Processors\\DataProcessor->addColumns()
#4 C:\\HostingSpaces\\aaledmondsonpark\\edmondsonpark.airleague.com.au\\squadronadmin\\vendor\\yajra\\laravel-datatables-oracle\\src\\DataTableAbstract.php(807): Yajra\\DataTables\\Processors\\DataProcessor->process()
#5 C:\\HostingSpaces\\aaledmondsonpark\\edmondsonpark.airleague.com.au\\squadronadmin\\vendor\\yajra\\laravel-datatables-oracle\\src\\CollectionDataTable.php(164): Yajra\\DataTables\\DataTableAbstract->processResults()
#6 C:\\HostingSpaces\\aaledmondsonpark\\edmondsonpark.airleague.com.au\\squadronadmin\\app\\Http\\Controllers\\TermFeesController.php(181): Yajra\\DataTables\\CollectionDataTable->make()
#7 C:\\HostingSpaces\\aaledmondsonpark\\edmondsonpark.airleague.com.au\\squadronadmin\\vendor\\laravel\\framework\\src\\Illuminate\\Routing\\Controller.php(54): App\\Http\\Controllers\\TermFeesController->getTermFees()
#8 C:\\HostingSpaces\\aaledmondsonpark\\edmondsonpark.airleague.com.au\\squadronadmin\\vendor\\laravel\\framework\\src\\Illuminate\\Routing\\ControllerDispatcher.php(45): Illuminate\\Routing\\Controller->callAction()
#9 C:\\HostingSpaces\\aaledmondsonpark\\edmondsonpark.airleague.com.au\\squadronadmin\\vendor\\laravel\\framework\\src\\Illuminate\\Routing\\Route.php(239): Illuminate\\Routing\\ControllerDispatcher->dispatch()
#10 C:\\HostingSpaces\\aaledmondsonpark\\edmondsonpark.airleague.com.au\\squadronadmin\\vendor\\laravel\\framework\\src\\Illuminate\\Routing\\Route.php(196): Illuminate\\Routing\\Route->runController()
#11 C:\\HostingSpaces\\aaledmondsonpark\\edmondsonpark.airleague.com.au\\squadronadmin\\vendor\\laravel\\framework\\src\\Illuminate\\Routing\\Router.php(685): Illuminate\\Routing\\Route->run()
#12 C:\\HostingSpaces\\aaledmondsonpark\\edmondsonpark.airleague.com.au\\squadronadmin\\vendor\\laravel\\framework\\src\\Illuminate\\Pipeline\\Pipeline.php(128): Illuminate\\Routing\\Router->Illuminate\\Routing\\{closure}()
#13 C:\\HostingSpaces\\aaledmondsonpark\\edmondsonpark.airleague.com.au\\squadronadmin\\vendor\\laravel\\framework\\src\\Illuminate\\Routing\\Middleware\\SubstituteBindings.php(41): Illuminate\\Pipeline\\Pipeline->Illuminate\\Pipeline\\{closure}()
#14 C:\\HostingSpaces\\aaledmondsonpark\\edmondsonpark.airleague.com.au\\squadronadmin\\vendor\\laravel\\framework\\src\\Illuminate\\Pipeline\\Pipeline.php(167): Illuminate\\Routing\\Middleware\\SubstituteBindings->handle()
#15 C:\\HostingSpaces\\aaledmondsonpark\\edmondsonpark.airleague.com.au\\squadronadmin\\vendor\\laravel\\framework\\src\\Illuminate\\Foundation\\Http\\Middleware\\VerifyCsrfToken.php(78): Illuminate\\Pipeline\\Pipeline->Illuminate\\Pipeline\\{closure}()
#16 C:\\HostingSpaces\\aaledmondsonpark\\edmondsonpark.airleague.com.au\\squadronadmin\\vendor\\laravel\\framework\\src\\Illuminate\\Pipeline\\Pipeline.php(167): Illuminate\\Foundation\\Http\\Middleware\\VerifyCsrfToken->handle()
#17 C:\\HostingSpaces\\aaledmondsonpark\\edmondsonpark.airleague.com.au\\squadronadmin\\vendor\\laravel\\framework\\src\\Illuminate\\View\\Middleware\\ShareErrorsFromSession.php(49): Illuminate\\Pipeline\\Pipeline->Illuminate\\Pipeline\\{closure}()
#18 C:\\HostingSpaces\\aaledmondsonpark\\edmondsonpark.airleague.com.au\\squadronadmin\\vendor\\laravel\\framework\\src\\Illuminate\\Pipeline\\Pipeline.php(167): Illuminate\\View\\Middleware\\ShareErrorsFromSession->handle()
#19 C:\\HostingSpaces\\aaledmondsonpark\\edmondsonpark.airleague.com.au\\squadronadmin\\vendor\\laravel\\framework\\src\\Illuminate\\Session\\Middleware\\StartSession.php(116): Illuminate\\Pipeline\\Pipeline->Illuminate\\Pipeline\\{closure}()
#20 C:\\HostingSpaces\\aaledmondsonpark\\edmondsonpark.airleague.com.au\\squadronadmin\\vendor\\laravel\\framework\\src\\Illuminate\\Session\\Middleware\\StartSession.php(62): Illuminate\\Session\\Middleware\\StartSession->handleStatefulRequest()
#21 C:\\HostingSpaces\\aaledmondsonpark\\edmondsonpark.airleague.com.au\\squadronadmin\\vendor\\laravel\\framework\\src\\Illuminate\\Pipeline\\Pipeline.php(167): Illuminate\\Session\\Middleware\\StartSession->handle()
#22 C:\\HostingSpaces\\aaledmondsonpark\\edmondsonpark.airleague.com.au\\squadronadmin\\vendor\\laravel\\framework\\src\\Illuminate\\Cookie\\Middleware\\AddQueuedCookiesToResponse.php(37): Illuminate\\Pipeline\\Pipeline->Illuminate\\Pipeline\\{closure}()
#23 C:\\HostingSpaces\\aaledmondsonpark\\edmondsonpark.airleague.com.au\\squadronadmin\\vendor\\laravel\\framework\\src\\Illuminate\\Pipeline\\Pipeline.php(167): Illuminate\\Cookie\\Middleware\\AddQueuedCookiesToResponse->handle()
#24 C:\\HostingSpaces\\aaledmondsonpark\\edmondsonpark.airleague.com.au\\squadronadmin\\vendor\\laravel\\framework\\src\\Illuminate\\Cookie\\Middleware\\EncryptCookies.php(67): Illuminate\\Pipeline\\Pipeline->Illuminate\\Pipeline\\{closure}()
#25 C:\\HostingSpaces\\aaledmondsonpark\\edmondsonpark.airleague.com.au\\squadronadmin\\vendor\\laravel\\framework\\src\\Illuminate\\Pipeline\\Pipeline.php(167): Illuminate\\Cookie\\Middleware\\EncryptCookies->handle()
#26 C:\\HostingSpaces\\aaledmondsonpark\\edmondsonpark.airleague.com.au\\squadronadmin\\vendor\\laravel\\framework\\src\\Illuminate\\Pipeline\\Pipeline.php(103): Illuminate\\Pipeline\\Pipeline->Illuminate\\Pipeline\\{closure}()
#27 C:\\HostingSpaces\\aaledmondsonpark\\edmondsonpark.airleague.com.au\\squadronadmin\\vendor\\laravel\\framework\\src\\Illuminate\\Routing\\Router.php(687): Illuminate\\Pipeline\\Pipeline->then()
#28 C:\\HostingSpaces\\aaledmondsonpark\\edmondsonpark.airleague.com.au\\squadronadmin\\vendor\\laravel\\framework\\src\\Illuminate\\Routing\\Router.php(662): Illuminate\\Routing\\Router->runRouteWithinStack()
#29 C:\\HostingSpaces\\aaledmondsonpark\\edmondsonpark.airleague.com.au\\squadronadmin\\vendor\\laravel\\framework\\src\\Illuminate\\Routing\\Router.php(628): Illuminate\\Routing\\Router->runRoute()
#30 C:\\HostingSpaces\\aaledmondsonpark\\edmondsonpark.airleague.com.au\\squadronadmin\\vendor\\laravel\\framework\\src\\Illuminate\\Routing\\Router.php(617): Illuminate\\Routing\\Router->dispatchToRoute()
#31 C:\\HostingSpaces\\aaledmondsonpark\\edmondsonpark.airleague.com.au\\squadronadmin\\vendor\\laravel\\framework\\src\\Illuminate\\Foundation\\Http\\Kernel.php(165): Illuminate\\Routing\\Router->dispatch()
#32 C:\\HostingSpaces\\aaledmondsonpark\\edmondsonpark.airleague.com.au\\squadronadmin\\vendor\\laravel\\framework\\src\\Illuminate\\Pipeline\\Pipeline.php(128): Illuminate\\Foundation\\Http\\Kernel->Illuminate\\Foundation\\Http\\{closure}()
#33 C:\\HostingSpaces\\aaledmondsonpark\\edmondsonpark.airleague.com.au\\squadronadmin\\vendor\\fideloper\\proxy\\src\\TrustProxies.php(57): Illuminate\\Pipeline\\Pipeline->Illuminate\\Pipeline\\{closure}()
#34 C:\\HostingSpaces\\aaledmondsonpark\\edmondsonpark.airleague.com.au\\squadronadmin\\vendor\\laravel\\framework\\src\\Illuminate\\Pipeline\\Pipeline.php(167): Fideloper\\Proxy\\TrustProxies->handle()
#35 C:\\HostingSpaces\\aaledmondsonpark\\edmondsonpark.airleague.com.au\\squadronadmin\\vendor\\laravel\\framework\\src\\Illuminate\\Foundation\\Http\\Middleware\\TransformsRequest.php(21): Illuminate\\Pipeline\\Pipeline->Illuminate\\Pipeline\\{closure}()
#36 C:\\HostingSpaces\\aaledmondsonpark\\edmondsonpark.airleague.com.au\\squadronadmin\\vendor\\laravel\\framework\\src\\Illuminate\\Pipeline\\Pipeline.php(167): Illuminate\\Foundation\\Http\\Middleware\\TransformsRequest->handle()
#37 C:\\HostingSpaces\\aaledmondsonpark\\edmondsonpark.airleague.com.au\\squadronadmin\\vendor\\laravel\\framework\\src\\Illuminate\\Foundation\\Http\\Middleware\\TransformsRequest.php(21): Illuminate\\Pipeline\\Pipeline->Illuminate\\Pipeline\\{closure}()
#38 C:\\HostingSpaces\\aaledmondsonpark\\edmondsonpark.airleague.com.au\\squadronadmin\\vendor\\laravel\\framework\\src\\Illuminate\\Pipeline\\Pipeline.php(167): Illuminate\\Foundation\\Http\\Middleware\\TransformsRequest->handle()
#39 C:\\HostingSpaces\\aaledmondsonpark\\edmondsonpark.airleague.com.au\\squadronadmin\\vendor\\laravel\\framework\\src\\Illuminate\\Foundation\\Http\\Middleware\\ValidatePostSize.php(27): Illuminate\\Pipeline\\Pipeline->Illuminate\\Pipeline\\{closure}()
#40 C:\\HostingSpaces\\aaledmondsonpark\\edmondsonpark.airleague.com.au\\squadronadmin\\vendor\\laravel\\framework\\src\\Illuminate\\Pipeline\\Pipeline.php(167): Illuminate\\Foundation\\Http\\Middleware\\ValidatePostSize->handle()
#41 C:\\HostingSpaces\\aaledmondsonpark\\edmondsonpark.airleague.com.au\\squadronadmin\\vendor\\laravel\\framework\\src\\Illuminate\\Foundation\\Http\\Middleware\\CheckForMaintenanceMode.php(63): Illuminate\\Pipeline\\Pipeline->Illuminate\\Pipeline\\{closure}()
#42 C:\\HostingSpaces\\aaledmondsonpark\\edmondsonpark.airleague.com.au\\squadronadmin\\vendor\\laravel\\framework\\src\\Illuminate\\Pipeline\\Pipeline.php(167): Illuminate\\Foundation\\Http\\Middleware\\CheckForMaintenanceMode->handle()
#43 C:\\HostingSpaces\\aaledmondsonpark\\edmondsonpark.airleague.com.au\\squadronadmin\\vendor\\laravel\\framework\\src\\Illuminate\\Pipeline\\Pipeline.php(103): Illuminate\\Pipeline\\Pipeline->Illuminate\\Pipeline\\{closure}()
#44 C:\\HostingSpaces\\aaledmondsonpark\\edmondsonpark.airleague.com.au\\squadronadmin\\vendor\\laravel\\framework\\src\\Illuminate\\Foundation\\Http\\Kernel.php(140): Illuminate\\Pipeline\\Pipeline->then()
#45 C:\\HostingSpaces\\aaledmondsonpark\\edmondsonpark.airleague.com.au\\squadronadmin\\vendor\\laravel\\framework\\src\\Illuminate\\Foundation\\Http\\Kernel.php(109): Illuminate\\Foundation\\Http\\Kernel->sendRequestThroughRouter()
#46 C:\\HostingSpaces\\aaledmondsonpark\\edmondsonpark.airleague.com.au\\squadronadmin\\public\\index.php(55): Illuminate\\Foundation\\Http\\Kernel->handle()
#47 {main}
"} 
